{"/home/user/translateVideo/ui/src/i18n.ts": {"path":"/home/user/translateVideo/ui/src/i18n.ts","statementMap":{"0":{"start":{"line":12,"column":56},"end":{"line":15,"column":null}},"1":{"start":{"line":17,"column":24},"end":{"line":428,"column":null}},"2":{"start":{"line":430,"column":52},"end":{"line":439,"column":null}},"3":{"start":{"line":442,"column":2},"end":{"line":442,"column":null}},"4":{"start":{"line":446,"column":2},"end":{"line":446,"column":null}},"5":{"start":{"line":450,"column":14},"end":{"line":450,"column":null}},"6":{"start":{"line":451,"column":16},"end":{"line":451,"column":30}},"7":{"start":{"line":452,"column":2},"end":{"line":452,"column":null}},"8":{"start":{"line":456,"column":14},"end":{"line":456,"column":null}},"9":{"start":{"line":457,"column":16},"end":{"line":457,"column":30}},"10":{"start":{"line":458,"column":2},"end":{"line":458,"column":null}},"11":{"start":{"line":462,"column":2},"end":{"line":462,"column":null}},"12":{"start":{"line":466,"column":16},"end":{"line":466,"column":51}},"13":{"start":{"line":467,"column":2},"end":{"line":467,"column":null}},"14":{"start":{"line":471,"column":2},"end":{"line":474,"column":null}},"15":{"start":{"line":478,"column":2},"end":{"line":481,"column":null}},"16":{"start":{"line":485,"column":31},"end":{"line":485,"column":51}},"17":{"start":{"line":486,"column":33},"end":{"line":486,"column":55}},"18":{"start":{"line":490,"column":2},"end":{"line":494,"column":null}},"19":{"start":{"line":491,"column":10},"end":{"line":491,"column":55}},"20":{"start":{"line":492,"column":19},"end":{"line":492,"column":39}},"21":{"start":{"line":493,"column":4},"end":{"line":493,"column":null}}},"fnMap":{"0":{"name":"currentLocale","decl":{"start":{"line":441,"column":16},"end":{"line":441,"column":43}},"loc":{"start":{"line":441,"column":43},"end":{"line":442,"column":null}},"line":441},"1":{"name":"t","decl":{"start":{"line":445,"column":16},"end":{"line":445,"column":18}},"loc":{"start":{"line":445,"column":76},"end":{"line":446,"column":null}},"line":445},"2":{"name":"stageLabel","decl":{"start":{"line":449,"column":16},"end":{"line":449,"column":27}},"loc":{"start":{"line":449,"column":85},"end":{"line":452,"column":null}},"line":449},"3":{"name":"statusLabel","decl":{"start":{"line":455,"column":16},"end":{"line":455,"column":28}},"loc":{"start":{"line":455,"column":86},"end":{"line":458,"column":null}},"line":455},"4":{"name":"providerLabel","decl":{"start":{"line":461,"column":16},"end":{"line":461,"column":30}},"loc":{"start":{"line":461,"column":88},"end":{"line":462,"column":null}},"line":461},"5":{"name":"providerWarning","decl":{"start":{"line":465,"column":16},"end":{"line":465,"column":32}},"loc":{"start":{"line":465,"column":102},"end":{"line":467,"column":null}},"line":465},"6":{"name":"providerLabels","decl":{"start":{"line":470,"column":16},"end":{"line":470,"column":31}},"loc":{"start":{"line":470,"column":92},"end":{"line":474,"column":null}},"line":470},"7":{"name":"providerWarnings","decl":{"start":{"line":477,"column":16},"end":{"line":477,"column":33}},"loc":{"start":{"line":477,"column":106},"end":{"line":481,"column":null}},"line":477},"8":{"name":"needsReviewCount","decl":{"start":{"line":489,"column":16},"end":{"line":489,"column":33}},"loc":{"start":{"line":489,"column":109},"end":{"line":494,"column":null}},"line":489},"9":{"name":"(anonymous_9)","decl":{"start":{"line":490,"column":18},"end":{"line":490,"column":25}},"loc":{"start":{"line":490,"column":30},"end":{"line":494,"column":5}},"line":490}},"branchMap":{"0":{"loc":{"start":{"line":445,"column":31},"end":{"line":445,"column":66}},"type":"default-arg","locations":[{"start":{"line":445,"column":51},"end":{"line":445,"column":66}}],"line":445},"1":{"loc":{"start":{"line":446,"column":9},"end":{"line":446,"column":null}},"type":"binary-expr","locations":[{"start":{"line":446,"column":9},"end":{"line":446,"column":30}},{"start":{"line":446,"column":30},"end":{"line":446,"column":46}},{"start":{"line":446,"column":46},"end":{"line":446,"column":null}}],"line":446},"2":{"loc":{"start":{"line":449,"column":40},"end":{"line":449,"column":75}},"type":"default-arg","locations":[{"start":{"line":449,"column":60},"end":{"line":449,"column":75}}],"line":449},"3":{"loc":{"start":{"line":452,"column":9},"end":{"line":452,"column":null}},"type":"cond-expr","locations":[{"start":{"line":452,"column":25},"end":{"line":452,"column":47}},{"start":{"line":452,"column":50},"end":{"line":452,"column":null}}],"line":452},"4":{"loc":{"start":{"line":455,"column":41},"end":{"line":455,"column":76}},"type":"default-arg","locations":[{"start":{"line":455,"column":61},"end":{"line":455,"column":76}}],"line":455},"5":{"loc":{"start":{"line":458,"column":9},"end":{"line":458,"column":null}},"type":"cond-expr","locations":[{"start":{"line":458,"column":25},"end":{"line":458,"column":31}},{"start":{"line":458,"column":31},"end":{"line":458,"column":null}}],"line":458},"6":{"loc":{"start":{"line":461,"column":43},"end":{"line":461,"column":78}},"type":"default-arg","locations":[{"start":{"line":461,"column":63},"end":{"line":461,"column":78}}],"line":461},"7":{"loc":{"start":{"line":465,"column":45},"end":{"line":465,"column":80}},"type":"default-arg","locations":[{"start":{"line":465,"column":65},"end":{"line":465,"column":80}}],"line":465},"8":{"loc":{"start":{"line":467,"column":9},"end":{"line":467,"column":null}},"type":"cond-expr","locations":[{"start":{"line":467,"column":48},"end":{"line":467,"column":60}},{"start":{"line":467,"column":60},"end":{"line":467,"column":null}}],"line":467},"9":{"loc":{"start":{"line":470,"column":31},"end":{"line":470,"column":66}},"type":"default-arg","locations":[{"start":{"line":470,"column":51},"end":{"line":470,"column":66}}],"line":470},"10":{"loc":{"start":{"line":477,"column":33},"end":{"line":477,"column":68}},"type":"default-arg","locations":[{"start":{"line":477,"column":53},"end":{"line":477,"column":68}}],"line":477},"11":{"loc":{"start":{"line":491,"column":24},"end":{"line":491,"column":49}},"type":"binary-expr","locations":[{"start":{"line":491,"column":24},"end":{"line":491,"column":45}},{"start":{"line":491,"column":45},"end":{"line":491,"column":49}}],"line":491},"12":{"loc":{"start":{"line":493,"column":11},"end":{"line":493,"column":null}},"type":"binary-expr","locations":[{"start":{"line":493,"column":11},"end":{"line":493,"column":26}},{"start":{"line":493,"column":26},"end":{"line":493,"column":null}}],"line":493}},"s":{"0":2,"1":2,"2":2,"3":16,"4":89,"5":11,"6":11,"7":11,"8":8,"9":8,"10":8,"11":5,"12":4,"13":4,"14":2,"15":2,"16":2,"17":2,"18":8,"19":20,"20":20,"21":20},"f":{"0":16,"1":89,"2":11,"3":8,"4":5,"5":4,"6":2,"7":2,"8":8,"9":20},"b":{"0":[89],"1":[89,0,0],"2":[11],"3":[0,11],"4":[8],"5":[0,8],"6":[5],"7":[4],"8":[0,4],"9":[2],"10":[2],"11":[20,0],"12":[20,8]},"meta":{"lastBranch":13,"lastFunction":10,"lastStatement":22,"seen":{"s:12:56:15:Infinity":0,"s:17:24:428:Infinity":1,"s:430:52:439:Infinity":2,"f:441:16:441:43":0,"s:442:2:442:Infinity":3,"f:445:16:445:18":1,"b:445:51:445:66":0,"s:446:2:446:Infinity":4,"b:446:9:446:30:446:30:446:46:446:46:446:Infinity":1,"f:449:16:449:27":2,"b:449:60:449:75":2,"s:450:14:450:Infinity":5,"s:451:16:451:30":6,"s:452:2:452:Infinity":7,"b:452:25:452:47:452:50:452:Infinity":3,"f:455:16:455:28":3,"b:455:61:455:76":4,"s:456:14:456:Infinity":8,"s:457:16:457:30":9,"s:458:2:458:Infinity":10,"b:458:25:458:31:458:31:458:Infinity":5,"f:461:16:461:30":4,"b:461:63:461:78":6,"s:462:2:462:Infinity":11,"f:465:16:465:32":5,"b:465:65:465:80":7,"s:466:16:466:51":12,"s:467:2:467:Infinity":13,"b:467:48:467:60:467:60:467:Infinity":8,"f:470:16:470:31":6,"b:470:51:470:66":9,"s:471:2:474:Infinity":14,"f:477:16:477:33":7,"b:477:53:477:68":10,"s:478:2:481:Infinity":15,"s:485:31:485:51":16,"s:486:33:486:55":17,"f:489:16:489:33":8,"s:490:2:494:Infinity":18,"f:490:18:490:25":9,"s:491:10:491:55":19,"b:491:24:491:45:491:45:491:49":11,"s:492:19:492:39":20,"s:493:4:493:Infinity":21,"b:493:11:493:26:493:26:493:Infinity":12}}}
,"/home/user/translateVideo/ui/src/progress.ts": {"path":"/home/user/translateVideo/ui/src/progress.ts","statementMap":{"0":{"start":{"line":13,"column":16},"end":{"line":13,"column":null}},"1":{"start":{"line":14,"column":2},"end":{"line":15,"column":null}},"2":{"start":{"line":15,"column":4},"end":{"line":15,"column":null}},"3":{"start":{"line":18,"column":21},"end":{"line":18,"column":null}},"4":{"start":{"line":19,"column":18},"end":{"line":19,"column":58}},"5":{"start":{"line":20,"column":18},"end":{"line":20,"column":53}},"6":{"start":{"line":22,"column":2},"end":{"line":28,"column":null}}},"fnMap":{"0":{"name":"stageProgressInfo","decl":{"start":{"line":11,"column":16},"end":{"line":11,"column":34}},"loc":{"start":{"line":11,"column":83},"end":{"line":28,"column":null}},"line":11}},"branchMap":{"0":{"loc":{"start":{"line":14,"column":2},"end":{"line":15,"column":null}},"type":"if","locations":[{"start":{"line":14,"column":2},"end":{"line":15,"column":null}},{"start":{},"end":{}}],"line":14},"1":{"loc":{"start":{"line":14,"column":6},"end":{"line":14,"column":47}},"type":"binary-expr","locations":[{"start":{"line":14,"column":6},"end":{"line":14,"column":35}},{"start":{"line":14,"column":35},"end":{"line":14,"column":47}}],"line":14},"2":{"loc":{"start":{"line":18,"column":21},"end":{"line":18,"column":null}},"type":"cond-expr","locations":[{"start":{"line":18,"column":65},"end":{"line":18,"column":88}},{"start":{"line":18,"column":88},"end":{"line":18,"column":null}}],"line":18},"3":{"loc":{"start":{"line":27,"column":13},"end":{"line":27,"column":null}},"type":"binary-expr","locations":[{"start":{"line":27,"column":13},"end":{"line":27,"column":38}},{"start":{"line":27,"column":38},"end":{"line":27,"column":null}}],"line":27}},"s":{"0":3,"1":3,"2":1,"3":2,"4":3,"5":3,"6":3},"f":{"0":3},"b":{"0":[1,2],"1":[3,2],"2":[2,0],"3":[3,1]},"meta":{"lastBranch":4,"lastFunction":1,"lastStatement":7,"seen":{"f:11:16:11:34":0,"s:13:16:13:Infinity":0,"b:14:2:15:Infinity:undefined:undefined:undefined:undefined":0,"s:14:2:15:Infinity":1,"b:14:6:14:35:14:35:14:47":1,"s:15:4:15:Infinity":2,"s:18:21:18:Infinity":3,"b:18:65:18:88:18:88:18:Infinity":2,"s:19:18:19:58":4,"s:20:18:20:53":5,"s:22:2:28:Infinity":6,"b:27:13:27:38:27:38:27:Infinity":3}}}
,"/home/user/translateVideo/ui/src/qa_stage_filter.ts": {"path":"/home/user/translateVideo/ui/src/qa_stage_filter.ts","statementMap":{"0":{"start":{"line":16,"column":61},"end":{"line":22,"column":null}},"1":{"start":{"line":32,"column":19},"end":{"line":32,"column":51}},"2":{"start":{"line":33,"column":2},"end":{"line":35,"column":null}},"3":{"start":{"line":34,"column":4},"end":{"line":34,"column":null}},"4":{"start":{"line":43,"column":2},"end":{"line":43,"column":null}},"5":{"start":{"line":43,"column":20},"end":{"line":43,"column":null}},"6":{"start":{"line":44,"column":2},"end":{"line":44,"column":null}},"7":{"start":{"line":44,"column":27},"end":{"line":44,"column":61}}},"fnMap":{"0":{"name":"flagBelongsToStage","decl":{"start":{"line":31,"column":16},"end":{"line":31,"column":35}},"loc":{"start":{"line":31,"column":73},"end":{"line":35,"column":null}},"line":31},"1":{"name":"(anonymous_1)","decl":{"start":{"line":33,"column":18},"end":{"line":33,"column":23}},"loc":{"start":{"line":34,"column":4},"end":{"line":34,"column":null}},"line":34},"2":{"name":"filterFlagsByStage","decl":{"start":{"line":42,"column":16},"end":{"line":42,"column":35}},"loc":{"start":{"line":42,"column":95},"end":{"line":44,"column":null}},"line":42},"3":{"name":"(anonymous_3)","decl":{"start":{"line":44,"column":15},"end":{"line":44,"column":22}},"loc":{"start":{"line":44,"column":27},"end":{"line":44,"column":61}},"line":44}},"branchMap":{"0":{"loc":{"start":{"line":32,"column":19},"end":{"line":32,"column":51}},"type":"binary-expr","locations":[{"start":{"line":32,"column":19},"end":{"line":32,"column":49}},{"start":{"line":32,"column":49},"end":{"line":32,"column":51}}],"line":32},"1":{"loc":{"start":{"line":34,"column":4},"end":{"line":34,"column":null}},"type":"cond-expr","locations":[{"start":{"line":34,"column":22},"end":{"line":34,"column":40}},{"start":{"line":34,"column":43},"end":{"line":34,"column":null}}],"line":34},"2":{"loc":{"start":{"line":43,"column":2},"end":{"line":43,"column":null}},"type":"if","locations":[{"start":{"line":43,"column":2},"end":{"line":43,"column":null}},{"start":{},"end":{}}],"line":43}},"s":{"0":1,"1":31,"2":31,"3":42,"4":5,"5":1,"6":4,"7":9},"f":{"0":31,"1":42,"2":5,"3":9},"b":{"0":[31,1],"1":[36,6],"2":[1,4]},"meta":{"lastBranch":3,"lastFunction":4,"lastStatement":8,"seen":{"s:16:61:22:Infinity":0,"f:31:16:31:35":0,"s:32:19:32:51":1,"b:32:19:32:49:32:49:32:51":0,"s:33:2:35:Infinity":2,"f:33:18:33:23":1,"s:34:4:34:Infinity":3,"b:34:22:34:40:34:43:34:Infinity":1,"f:42:16:42:35":2,"b:43:2:43:Infinity:undefined:undefined:undefined:undefined":2,"s:43:2:43:Infinity":4,"s:43:20:43:Infinity":5,"s:44:2:44:Infinity":6,"f:44:15:44:22":3,"s:44:27:44:61":7}}}
,"/home/user/translateVideo/ui/src/api/client.ts": {"path":"/home/user/translateVideo/ui/src/api/client.ts","statementMap":{"0":{"start":{"line":17,"column":24},"end":{"line":17,"column":71}},"1":{"start":{"line":18,"column":17},"end":{"line":18,"column":null}},"2":{"start":{"line":19,"column":24},"end":{"line":19,"column":null}},"3":{"start":{"line":22,"column":44},"end":{"line":22,"column":63}},"4":{"start":{"line":23,"column":19},"end":{"line":23,"column":64}},"5":{"start":{"line":24,"column":4},"end":{"line":25,"column":null}},"6":{"start":{"line":25,"column":8},"end":{"line":25,"column":null}},"7":{"start":{"line":27,"column":4},"end":{"line":27,"column":null}},"8":{"start":{"line":31,"column":19},"end":{"line":31,"column":64}},"9":{"start":{"line":32,"column":4},"end":{"line":32,"column":null}},"10":{"start":{"line":32,"column":17},"end":{"line":32,"column":null}},"11":{"start":{"line":33,"column":22},"end":{"line":33,"column":null}},"12":{"start":{"line":34,"column":4},"end":{"line":34,"column":null}},"13":{"start":{"line":38,"column":17},"end":{"line":38,"column":33}},"14":{"start":{"line":39,"column":4},"end":{"line":43,"column":null}},"15":{"start":{"line":40,"column":24},"end":{"line":40,"column":40}},"16":{"start":{"line":41,"column":8},"end":{"line":41,"column":null}},"17":{"start":{"line":43,"column":8},"end":{"line":43,"column":null}},"18":{"start":{"line":48,"column":16},"end":{"line":52,"column":6}},"19":{"start":{"line":53,"column":4},"end":{"line":53,"column":null}},"20":{"start":{"line":53,"column":17},"end":{"line":53,"column":null}},"21":{"start":{"line":54,"column":4},"end":{"line":54,"column":null}},"22":{"start":{"line":58,"column":21},"end":{"line":58,"column":35}},"23":{"start":{"line":59,"column":4},"end":{"line":59,"column":null}},"24":{"start":{"line":60,"column":4},"end":{"line":60,"column":null}},"25":{"start":{"line":60,"column":20},"end":{"line":60,"column":null}},"26":{"start":{"line":61,"column":4},"end":{"line":61,"column":null}},"27":{"start":{"line":61,"column":16},"end":{"line":61,"column":null}},"28":{"start":{"line":63,"column":16},"end":{"line":67,"column":6}},"29":{"start":{"line":68,"column":4},"end":{"line":68,"column":null}},"30":{"start":{"line":68,"column":17},"end":{"line":68,"column":null}},"31":{"start":{"line":69,"column":4},"end":{"line":69,"column":null}},"32":{"start":{"line":79,"column":14},"end":{"line":79,"column":35}},"33":{"start":{"line":80,"column":4},"end":{"line":80,"column":null}},"34":{"start":{"line":80,"column":26},"end":{"line":80,"column":null}},"35":{"start":{"line":81,"column":4},"end":{"line":81,"column":null}},"36":{"start":{"line":81,"column":26},"end":{"line":81,"column":null}},"37":{"start":{"line":82,"column":4},"end":{"line":82,"column":null}},"38":{"start":{"line":82,"column":26},"end":{"line":82,"column":null}},"39":{"start":{"line":83,"column":4},"end":{"line":83,"column":null}},"40":{"start":{"line":83,"column":26},"end":{"line":83,"column":null}},"41":{"start":{"line":84,"column":4},"end":{"line":84,"column":null}},"42":{"start":{"line":84,"column":27},"end":{"line":84,"column":null}},"43":{"start":{"line":85,"column":16},"end":{"line":85,"column":null}},"44":{"start":{"line":86,"column":16},"end":{"line":86,"column":59}},"45":{"start":{"line":87,"column":4},"end":{"line":87,"column":null}},"46":{"start":{"line":87,"column":17},"end":{"line":87,"column":null}},"47":{"start":{"line":88,"column":17},"end":{"line":88,"column":33}},"48":{"start":{"line":89,"column":4},"end":{"line":89,"column":null}},"49":{"start":{"line":93,"column":16},"end":{"line":93,"column":92}},"50":{"start":{"line":94,"column":4},"end":{"line":94,"column":null}},"51":{"start":{"line":94,"column":17},"end":{"line":94,"column":null}},"52":{"start":{"line":95,"column":4},"end":{"line":95,"column":null}},"53":{"start":{"line":106,"column":30},"end":{"line":106,"column":null}},"54":{"start":{"line":107,"column":30},"end":{"line":107,"column":null}},"55":{"start":{"line":109,"column":44},"end":{"line":109,"column":94}},"56":{"start":{"line":110,"column":4},"end":{"line":111,"column":null}},"57":{"start":{"line":111,"column":8},"end":{"line":111,"column":null}},"58":{"start":{"line":114,"column":42},"end":{"line":114,"column":null}},"59":{"start":{"line":115,"column":4},"end":{"line":115,"column":null}},"60":{"start":{"line":115,"column":20},"end":{"line":115,"column":null}},"61":{"start":{"line":117,"column":16},"end":{"line":121,"column":6}},"62":{"start":{"line":122,"column":4},"end":{"line":122,"column":null}},"63":{"start":{"line":122,"column":17},"end":{"line":122,"column":null}},"64":{"start":{"line":123,"column":4},"end":{"line":123,"column":null}},"65":{"start":{"line":127,"column":16},"end":{"line":127,"column":102}},"66":{"start":{"line":128,"column":4},"end":{"line":128,"column":null}},"67":{"start":{"line":128,"column":17},"end":{"line":128,"column":null}},"68":{"start":{"line":129,"column":4},"end":{"line":129,"column":null}},"69":{"start":{"line":133,"column":16},"end":{"line":133,"column":99}},"70":{"start":{"line":134,"column":4},"end":{"line":134,"column":null}},"71":{"start":{"line":134,"column":17},"end":{"line":134,"column":null}},"72":{"start":{"line":135,"column":4},"end":{"line":135,"column":null}},"73":{"start":{"line":139,"column":16},"end":{"line":139,"column":102}},"74":{"start":{"line":140,"column":4},"end":{"line":140,"column":null}},"75":{"start":{"line":140,"column":17},"end":{"line":140,"column":null}},"76":{"start":{"line":141,"column":4},"end":{"line":141,"column":null}},"77":{"start":{"line":145,"column":16},"end":{"line":148,"column":6}},"78":{"start":{"line":149,"column":4},"end":{"line":149,"column":null}},"79":{"start":{"line":149,"column":17},"end":{"line":149,"column":null}},"80":{"start":{"line":150,"column":4},"end":{"line":150,"column":null}},"81":{"start":{"line":159,"column":16},"end":{"line":163,"column":6}},"82":{"start":{"line":164,"column":4},"end":{"line":164,"column":null}},"83":{"start":{"line":164,"column":17},"end":{"line":164,"column":null}},"84":{"start":{"line":165,"column":4},"end":{"line":165,"column":null}},"85":{"start":{"line":169,"column":16},"end":{"line":173,"column":6}},"86":{"start":{"line":174,"column":4},"end":{"line":174,"column":null}},"87":{"start":{"line":174,"column":17},"end":{"line":174,"column":null}},"88":{"start":{"line":175,"column":4},"end":{"line":175,"column":null}},"89":{"start":{"line":182,"column":16},"end":{"line":186,"column":6}},"90":{"start":{"line":187,"column":4},"end":{"line":187,"column":null}},"91":{"start":{"line":187,"column":17},"end":{"line":187,"column":null}},"92":{"start":{"line":188,"column":4},"end":{"line":188,"column":null}},"93":{"start":{"line":192,"column":16},"end":{"line":196,"column":6}},"94":{"start":{"line":197,"column":4},"end":{"line":197,"column":null}},"95":{"start":{"line":197,"column":17},"end":{"line":197,"column":null}},"96":{"start":{"line":198,"column":4},"end":{"line":198,"column":null}},"97":{"start":{"line":202,"column":16},"end":{"line":202,"column":118}},"98":{"start":{"line":203,"column":4},"end":{"line":203,"column":null}},"99":{"start":{"line":203,"column":17},"end":{"line":203,"column":null}},"100":{"start":{"line":204,"column":17},"end":{"line":204,"column":33}},"101":{"start":{"line":205,"column":4},"end":{"line":205,"column":null}},"102":{"start":{"line":209,"column":16},"end":{"line":209,"column":119}},"103":{"start":{"line":210,"column":4},"end":{"line":210,"column":null}},"104":{"start":{"line":210,"column":17},"end":{"line":210,"column":null}},"105":{"start":{"line":211,"column":4},"end":{"line":211,"column":null}},"106":{"start":{"line":215,"column":4},"end":{"line":215,"column":null}},"107":{"start":{"line":220,"column":16},"end":{"line":223,"column":6}},"108":{"start":{"line":224,"column":4},"end":{"line":224,"column":null}},"109":{"start":{"line":224,"column":17},"end":{"line":224,"column":null}},"110":{"start":{"line":225,"column":4},"end":{"line":225,"column":null}},"111":{"start":{"line":238,"column":16},"end":{"line":242,"column":6}},"112":{"start":{"line":243,"column":4},"end":{"line":243,"column":null}},"113":{"start":{"line":243,"column":17},"end":{"line":243,"column":null}},"114":{"start":{"line":244,"column":17},"end":{"line":244,"column":33}},"115":{"start":{"line":245,"column":4},"end":{"line":245,"column":null}},"116":{"start":{"line":253,"column":16},"end":{"line":257,"column":6}},"117":{"start":{"line":258,"column":4},"end":{"line":258,"column":null}},"118":{"start":{"line":258,"column":17},"end":{"line":258,"column":null}},"119":{"start":{"line":259,"column":4},"end":{"line":259,"column":null}},"120":{"start":{"line":264,"column":4},"end":{"line":264,"column":null}},"121":{"start":{"line":269,"column":4},"end":{"line":269,"column":null}},"122":{"start":{"line":274,"column":16},"end":{"line":277,"column":6}},"123":{"start":{"line":278,"column":4},"end":{"line":278,"column":null}},"124":{"start":{"line":278,"column":17},"end":{"line":278,"column":null}},"125":{"start":{"line":279,"column":4},"end":{"line":279,"column":null}},"126":{"start":{"line":284,"column":4},"end":{"line":297,"column":null}},"127":{"start":{"line":285,"column":20},"end":{"line":285,"column":63}},"128":{"start":{"line":286,"column":8},"end":{"line":286,"column":null}},"129":{"start":{"line":286,"column":21},"end":{"line":286,"column":null}},"130":{"start":{"line":287,"column":21},"end":{"line":287,"column":37}},"131":{"start":{"line":288,"column":23},"end":{"line":288,"column":48}},"132":{"start":{"line":289,"column":18},"end":{"line":289,"column":45}},"133":{"start":{"line":290,"column":8},"end":{"line":290,"column":null}},"134":{"start":{"line":291,"column":8},"end":{"line":291,"column":null}},"135":{"start":{"line":292,"column":8},"end":{"line":292,"column":null}},"136":{"start":{"line":293,"column":8},"end":{"line":293,"column":null}},"137":{"start":{"line":294,"column":8},"end":{"line":294,"column":null}},"138":{"start":{"line":294,"column":27},"end":{"line":294,"column":56}},"139":{"start":{"line":294,"column":56},"end":{"line":294,"column":89}},"140":{"start":{"line":297,"column":8},"end":{"line":297,"column":null}},"141":{"start":{"line":316,"column":16},"end":{"line":320,"column":6}},"142":{"start":{"line":321,"column":4},"end":{"line":321,"column":null}},"143":{"start":{"line":321,"column":17},"end":{"line":321,"column":null}},"144":{"start":{"line":322,"column":4},"end":{"line":322,"column":null}},"145":{"start":{"line":332,"column":14},"end":{"line":332,"column":null}},"146":{"start":{"line":333,"column":14},"end":{"line":337,"column":4}},"147":{"start":{"line":338,"column":2},"end":{"line":340,"column":null}},"148":{"start":{"line":339,"column":16},"end":{"line":339,"column":36}},"149":{"start":{"line":340,"column":4},"end":{"line":340,"column":null}},"150":{"start":{"line":342,"column":2},"end":{"line":342,"column":null}},"151":{"start":{"line":355,"column":14},"end":{"line":358,"column":4}},"152":{"start":{"line":359,"column":2},"end":{"line":359,"column":null}},"153":{"start":{"line":359,"column":15},"end":{"line":359,"column":null}},"154":{"start":{"line":360,"column":2},"end":{"line":360,"column":null}},"155":{"start":{"line":364,"column":14},"end":{"line":366,"column":4}},"156":{"start":{"line":367,"column":2},"end":{"line":367,"column":null}},"157":{"start":{"line":367,"column":15},"end":{"line":367,"column":null}},"158":{"start":{"line":368,"column":2},"end":{"line":368,"column":null}},"159":{"start":{"line":372,"column":14},"end":{"line":375,"column":4}},"160":{"start":{"line":376,"column":2},"end":{"line":376,"column":null}},"161":{"start":{"line":376,"column":15},"end":{"line":376,"column":null}},"162":{"start":{"line":377,"column":2},"end":{"line":377,"column":null}},"163":{"start":{"line":381,"column":14},"end":{"line":381,"column":82}},"164":{"start":{"line":382,"column":2},"end":{"line":382,"column":null}},"165":{"start":{"line":382,"column":15},"end":{"line":382,"column":null}},"166":{"start":{"line":383,"column":2},"end":{"line":383,"column":null}},"167":{"start":{"line":401,"column":14},"end":{"line":403,"column":4}},"168":{"start":{"line":404,"column":2},"end":{"line":404,"column":null}},"169":{"start":{"line":404,"column":15},"end":{"line":404,"column":null}},"170":{"start":{"line":405,"column":2},"end":{"line":405,"column":null}}},"fnMap":{"0":{"name":"apiHeaders","decl":{"start":{"line":21,"column":16},"end":{"line":21,"column":27}},"loc":{"start":{"line":21,"column":82},"end":{"line":27,"column":null}},"line":21},"1":{"name":"withApiKeyQuery","decl":{"start":{"line":30,"column":16},"end":{"line":30,"column":32}},"loc":{"start":{"line":30,"column":53},"end":{"line":34,"column":null}},"line":30},"2":{"name":"readError","decl":{"start":{"line":37,"column":15},"end":{"line":37,"column":25}},"loc":{"start":{"line":37,"column":57},"end":{"line":43,"column":null}},"line":37},"3":{"name":"createProject","decl":{"start":{"line":47,"column":22},"end":{"line":47,"column":36}},"loc":{"start":{"line":47,"column":131},"end":{"line":54,"column":null}},"line":47},"4":{"name":"uploadProject","decl":{"start":{"line":57,"column":22},"end":{"line":57,"column":36}},"loc":{"start":{"line":57,"column":122},"end":{"line":69,"column":null}},"line":57},"5":{"name":"listProjects","decl":{"start":{"line":72,"column":22},"end":{"line":72,"column":35}},"loc":{"start":{"line":78,"column":28},"end":{"line":89,"column":null}},"line":78},"6":{"name":"getProjectStatus","decl":{"start":{"line":92,"column":22},"end":{"line":92,"column":39}},"loc":{"start":{"line":92,"column":82},"end":{"line":95,"column":null}},"line":92},"7":{"name":"runPipeline","decl":{"start":{"line":98,"column":22},"end":{"line":98,"column":null}},"loc":{"start":{"line":104,"column":46},"end":{"line":123,"column":null}},"line":104},"8":{"name":"getProjectArtifacts","decl":{"start":{"line":126,"column":22},"end":{"line":126,"column":42}},"loc":{"start":{"line":126,"column":90},"end":{"line":129,"column":null}},"line":126},"9":{"name":"getProjectDoctor","decl":{"start":{"line":132,"column":22},"end":{"line":132,"column":39}},"loc":{"start":{"line":132,"column":89},"end":{"line":135,"column":null}},"line":132},"10":{"name":"getProjectSnapshots","decl":{"start":{"line":138,"column":22},"end":{"line":138,"column":42}},"loc":{"start":{"line":138,"column":97},"end":{"line":141,"column":null}},"line":138},"11":{"name":"rebuildSubtitles","decl":{"start":{"line":144,"column":22},"end":{"line":144,"column":39}},"loc":{"start":{"line":144,"column":87},"end":{"line":150,"column":null}},"line":144},"12":{"name":"runSegmentAction","decl":{"start":{"line":153,"column":22},"end":{"line":153,"column":null}},"loc":{"start":{"line":158,"column":34},"end":{"line":165,"column":null}},"line":158},"13":{"name":"saveProjectSegments","decl":{"start":{"line":168,"column":22},"end":{"line":168,"column":42}},"loc":{"start":{"line":168,"column":106},"end":{"line":175,"column":null}},"line":168},"14":{"name":"patchProjectConfig","decl":{"start":{"line":178,"column":22},"end":{"line":178,"column":null}},"loc":{"start":{"line":181,"column":52},"end":{"line":188,"column":null}},"line":181},"15":{"name":"preflightVideo","decl":{"start":{"line":191,"column":22},"end":{"line":191,"column":37}},"loc":{"start":{"line":191,"column":111},"end":{"line":198,"column":null}},"line":191},"16":{"name":"fetchProviderModels","decl":{"start":{"line":201,"column":22},"end":{"line":201,"column":42}},"loc":{"start":{"line":201,"column":86},"end":{"line":205,"column":null}},"line":201},"17":{"name":"fetchProviderBalance","decl":{"start":{"line":208,"column":22},"end":{"line":208,"column":43}},"loc":{"start":{"line":208,"column":87},"end":{"line":211,"column":null}},"line":208},"18":{"name":"artifactDownloadUrl","decl":{"start":{"line":214,"column":16},"end":{"line":214,"column":36}},"loc":{"start":{"line":214,"column":78},"end":{"line":215,"column":null}},"line":214},"19":{"name":"cancelPipeline","decl":{"start":{"line":219,"column":22},"end":{"line":219,"column":37}},"loc":{"start":{"line":219,"column":86},"end":{"line":225,"column":null}},"line":219},"20":{"name":"previewTTS","decl":{"start":{"line":233,"column":22},"end":{"line":233,"column":null}},"loc":{"start":{"line":237,"column":19},"end":{"line":245,"column":null}},"line":237},"21":{"name":"renameProject","decl":{"start":{"line":249,"column":22},"end":{"line":249,"column":null}},"loc":{"start":{"line":252,"column":73},"end":{"line":259,"column":null}},"line":252},"22":{"name":"subtitleExportUrl","decl":{"start":{"line":263,"column":16},"end":{"line":263,"column":34}},"loc":{"start":{"line":263,"column":101},"end":{"line":264,"column":null}},"line":263},"23":{"name":"subtitleExportZipUrl","decl":{"start":{"line":268,"column":16},"end":{"line":268,"column":37}},"loc":{"start":{"line":268,"column":65},"end":{"line":269,"column":null}},"line":268},"24":{"name":"deleteProject","decl":{"start":{"line":273,"column":22},"end":{"line":273,"column":36}},"loc":{"start":{"line":273,"column":99},"end":{"line":279,"column":null}},"line":273},"25":{"name":"safariSafeDownload","decl":{"start":{"line":283,"column":22},"end":{"line":283,"column":41}},"loc":{"start":{"line":283,"column":87},"end":{"line":297,"column":null}},"line":283},"26":{"name":"(anonymous_26)","decl":{"start":{"line":294,"column":8},"end":{"line":294,"column":25}},"loc":{"start":{"line":294,"column":25},"end":{"line":294,"column":94}},"line":294},"27":{"name":"batchCreateProjects","decl":{"start":{"line":312,"column":22},"end":{"line":312,"column":null}},"loc":{"start":{"line":315,"column":26},"end":{"line":322,"column":null}},"line":315},"28":{"name":"fetchTranslationHint","decl":{"start":{"line":327,"column":22},"end":{"line":327,"column":null}},"loc":{"start":{"line":331,"column":55},"end":{"line":342,"column":null}},"line":331},"29":{"name":"createShareLink","decl":{"start":{"line":354,"column":22},"end":{"line":354,"column":38}},"loc":{"start":{"line":354,"column":82},"end":{"line":360,"column":null}},"line":354},"30":{"name":"getShareLink","decl":{"start":{"line":363,"column":22},"end":{"line":363,"column":35}},"loc":{"start":{"line":363,"column":79},"end":{"line":368,"column":null}},"line":363},"31":{"name":"revokeShareLink","decl":{"start":{"line":371,"column":22},"end":{"line":371,"column":38}},"loc":{"start":{"line":371,"column":89},"end":{"line":377,"column":null}},"line":371},"32":{"name":"getSharedProject","decl":{"start":{"line":380,"column":22},"end":{"line":380,"column":39}},"loc":{"start":{"line":380,"column":77},"end":{"line":383,"column":null}},"line":380},"33":{"name":"fetchAnalytics","decl":{"start":{"line":400,"column":22},"end":{"line":400,"column":66}},"loc":{"start":{"line":400,"column":66},"end":{"line":405,"column":null}},"line":400}},"branchMap":{"0":{"loc":{"start":{"line":18,"column":17},"end":{"line":18,"column":null}},"type":"cond-expr","locations":[{"start":{"line":18,"column":35},"end":{"line":18,"column":68}},{"start":{"line":18,"column":68},"end":{"line":18,"column":null}}],"line":18},"1":{"loc":{"start":{"line":22,"column":50},"end":{"line":22,"column":60}},"type":"binary-expr","locations":[{"start":{"line":22,"column":50},"end":{"line":22,"column":58}},{"start":{"line":22,"column":58},"end":{"line":22,"column":60}}],"line":22},"2":{"loc":{"start":{"line":24,"column":4},"end":{"line":25,"column":null}},"type":"if","locations":[{"start":{"line":24,"column":4},"end":{"line":25,"column":null}},{"start":{},"end":{}}],"line":24},"3":{"loc":{"start":{"line":32,"column":4},"end":{"line":32,"column":null}},"type":"if","locations":[{"start":{"line":32,"column":4},"end":{"line":32,"column":null}},{"start":{},"end":{}}],"line":32},"4":{"loc":{"start":{"line":33,"column":22},"end":{"line":33,"column":null}},"type":"cond-expr","locations":[{"start":{"line":33,"column":42},"end":{"line":33,"column":48}},{"start":{"line":33,"column":48},"end":{"line":33,"column":null}}],"line":33},"5":{"loc":{"start":{"line":41,"column":15},"end":{"line":41,"column":null}},"type":"binary-expr","locations":[{"start":{"line":41,"column":15},"end":{"line":41,"column":33}},{"start":{"line":41,"column":33},"end":{"line":41,"column":null}}],"line":41},"6":{"loc":{"start":{"line":53,"column":4},"end":{"line":53,"column":null}},"type":"if","locations":[{"start":{"line":53,"column":4},"end":{"line":53,"column":null}},{"start":{},"end":{}}],"line":53},"7":{"loc":{"start":{"line":60,"column":4},"end":{"line":60,"column":null}},"type":"if","locations":[{"start":{"line":60,"column":4},"end":{"line":60,"column":null}},{"start":{},"end":{}}],"line":60},"8":{"loc":{"start":{"line":61,"column":4},"end":{"line":61,"column":null}},"type":"if","locations":[{"start":{"line":61,"column":4},"end":{"line":61,"column":null}},{"start":{},"end":{}}],"line":61},"9":{"loc":{"start":{"line":68,"column":4},"end":{"line":68,"column":null}},"type":"if","locations":[{"start":{"line":68,"column":4},"end":{"line":68,"column":null}},{"start":{},"end":{}}],"line":68},"10":{"loc":{"start":{"line":80,"column":4},"end":{"line":80,"column":null}},"type":"if","locations":[{"start":{"line":80,"column":4},"end":{"line":80,"column":null}},{"start":{},"end":{}}],"line":80},"11":{"loc":{"start":{"line":81,"column":4},"end":{"line":81,"column":null}},"type":"if","locations":[{"start":{"line":81,"column":4},"end":{"line":81,"column":null}},{"start":{},"end":{}}],"line":81},"12":{"loc":{"start":{"line":82,"column":4},"end":{"line":82,"column":null}},"type":"if","locations":[{"start":{"line":82,"column":4},"end":{"line":82,"column":null}},{"start":{},"end":{}}],"line":82},"13":{"loc":{"start":{"line":83,"column":4},"end":{"line":83,"column":null}},"type":"if","locations":[{"start":{"line":83,"column":4},"end":{"line":83,"column":null}},{"start":{},"end":{}}],"line":83},"14":{"loc":{"start":{"line":84,"column":4},"end":{"line":84,"column":null}},"type":"if","locations":[{"start":{"line":84,"column":4},"end":{"line":84,"column":null}},{"start":{},"end":{}}],"line":84},"15":{"loc":{"start":{"line":85,"column":16},"end":{"line":85,"column":null}},"type":"cond-expr","locations":[{"start":{"line":85,"column":31},"end":{"line":85,"column":61}},{"start":{"line":85,"column":61},"end":{"line":85,"column":null}}],"line":85},"16":{"loc":{"start":{"line":87,"column":4},"end":{"line":87,"column":null}},"type":"if","locations":[{"start":{"line":87,"column":4},"end":{"line":87,"column":null}},{"start":{},"end":{}}],"line":87},"17":{"loc":{"start":{"line":94,"column":4},"end":{"line":94,"column":null}},"type":"if","locations":[{"start":{"line":94,"column":4},"end":{"line":94,"column":null}},{"start":{},"end":{}}],"line":94},"18":{"loc":{"start":{"line":100,"column":4},"end":{"line":100,"column":null}},"type":"default-arg","locations":[{"start":{"line":100,"column":21},"end":{"line":100,"column":null}}],"line":100},"19":{"loc":{"start":{"line":106,"column":30},"end":{"line":106,"column":null}},"type":"binary-expr","locations":[{"start":{"line":106,"column":30},"end":{"line":106,"column":42}},{"start":{"line":106,"column":42},"end":{"line":106,"column":85}},{"start":{"line":106,"column":89},"end":{"line":106,"column":null}}],"line":106},"20":{"loc":{"start":{"line":107,"column":30},"end":{"line":107,"column":null}},"type":"binary-expr","locations":[{"start":{"line":107,"column":30},"end":{"line":107,"column":44}},{"start":{"line":107,"column":44},"end":{"line":107,"column":82}},{"start":{"line":107,"column":86},"end":{"line":107,"column":null}}],"line":107},"21":{"loc":{"start":{"line":110,"column":4},"end":{"line":111,"column":null}},"type":"if","locations":[{"start":{"line":110,"column":4},"end":{"line":111,"column":null}},{"start":{},"end":{}}],"line":110},"22":{"loc":{"start":{"line":115,"column":4},"end":{"line":115,"column":null}},"type":"if","locations":[{"start":{"line":115,"column":4},"end":{"line":115,"column":null}},{"start":{},"end":{}}],"line":115},"23":{"loc":{"start":{"line":122,"column":4},"end":{"line":122,"column":null}},"type":"if","locations":[{"start":{"line":122,"column":4},"end":{"line":122,"column":null}},{"start":{},"end":{}}],"line":122},"24":{"loc":{"start":{"line":128,"column":4},"end":{"line":128,"column":null}},"type":"if","locations":[{"start":{"line":128,"column":4},"end":{"line":128,"column":null}},{"start":{},"end":{}}],"line":128},"25":{"loc":{"start":{"line":134,"column":4},"end":{"line":134,"column":null}},"type":"if","locations":[{"start":{"line":134,"column":4},"end":{"line":134,"column":null}},{"start":{},"end":{}}],"line":134},"26":{"loc":{"start":{"line":140,"column":4},"end":{"line":140,"column":null}},"type":"if","locations":[{"start":{"line":140,"column":4},"end":{"line":140,"column":null}},{"start":{},"end":{}}],"line":140},"27":{"loc":{"start":{"line":149,"column":4},"end":{"line":149,"column":null}},"type":"if","locations":[{"start":{"line":149,"column":4},"end":{"line":149,"column":null}},{"start":{},"end":{}}],"line":149},"28":{"loc":{"start":{"line":157,"column":4},"end":{"line":157,"column":null}},"type":"default-arg","locations":[{"start":{"line":157,"column":21},"end":{"line":157,"column":null}}],"line":157},"29":{"loc":{"start":{"line":164,"column":4},"end":{"line":164,"column":null}},"type":"if","locations":[{"start":{"line":164,"column":4},"end":{"line":164,"column":null}},{"start":{},"end":{}}],"line":164},"30":{"loc":{"start":{"line":174,"column":4},"end":{"line":174,"column":null}},"type":"if","locations":[{"start":{"line":174,"column":4},"end":{"line":174,"column":null}},{"start":{},"end":{}}],"line":174},"31":{"loc":{"start":{"line":187,"column":4},"end":{"line":187,"column":null}},"type":"if","locations":[{"start":{"line":187,"column":4},"end":{"line":187,"column":null}},{"start":{},"end":{}}],"line":187},"32":{"loc":{"start":{"line":191,"column":58},"end":{"line":191,"column":111}},"type":"default-arg","locations":[{"start":{"line":191,"column":77},"end":{"line":191,"column":111}}],"line":191},"33":{"loc":{"start":{"line":197,"column":4},"end":{"line":197,"column":null}},"type":"if","locations":[{"start":{"line":197,"column":4},"end":{"line":197,"column":null}},{"start":{},"end":{}}],"line":197},"34":{"loc":{"start":{"line":203,"column":4},"end":{"line":203,"column":null}},"type":"if","locations":[{"start":{"line":203,"column":4},"end":{"line":203,"column":null}},{"start":{},"end":{}}],"line":203},"35":{"loc":{"start":{"line":210,"column":4},"end":{"line":210,"column":null}},"type":"if","locations":[{"start":{"line":210,"column":4},"end":{"line":210,"column":null}},{"start":{},"end":{}}],"line":210},"36":{"loc":{"start":{"line":224,"column":4},"end":{"line":224,"column":null}},"type":"if","locations":[{"start":{"line":224,"column":4},"end":{"line":224,"column":null}},{"start":{},"end":{}}],"line":224},"37":{"loc":{"start":{"line":236,"column":4},"end":{"line":236,"column":null}},"type":"default-arg","locations":[{"start":{"line":236,"column":23},"end":{"line":236,"column":null}}],"line":236},"38":{"loc":{"start":{"line":243,"column":4},"end":{"line":243,"column":null}},"type":"if","locations":[{"start":{"line":243,"column":4},"end":{"line":243,"column":null}},{"start":{},"end":{}}],"line":243},"39":{"loc":{"start":{"line":258,"column":4},"end":{"line":258,"column":null}},"type":"if","locations":[{"start":{"line":258,"column":4},"end":{"line":258,"column":null}},{"start":{},"end":{}}],"line":258},"40":{"loc":{"start":{"line":278,"column":4},"end":{"line":278,"column":null}},"type":"if","locations":[{"start":{"line":278,"column":4},"end":{"line":278,"column":null}},{"start":{},"end":{}}],"line":278},"41":{"loc":{"start":{"line":286,"column":8},"end":{"line":286,"column":null}},"type":"if","locations":[{"start":{"line":286,"column":8},"end":{"line":286,"column":null}},{"start":{},"end":{}}],"line":286},"42":{"loc":{"start":{"line":314,"column":4},"end":{"line":314,"column":null}},"type":"default-arg","locations":[{"start":{"line":314,"column":15},"end":{"line":314,"column":null}}],"line":314},"43":{"loc":{"start":{"line":321,"column":4},"end":{"line":321,"column":null}},"type":"if","locations":[{"start":{"line":321,"column":4},"end":{"line":321,"column":null}},{"start":{},"end":{}}],"line":321},"44":{"loc":{"start":{"line":322,"column":4},"end":{"line":322,"column":43}},"type":"binary-expr","locations":[{"start":{"line":322,"column":4},"end":{"line":322,"column":41}},{"start":{"line":322,"column":41},"end":{"line":322,"column":43}}],"line":322},"45":{"loc":{"start":{"line":330,"column":2},"end":{"line":330,"column":82}},"type":"default-arg","locations":[{"start":{"line":330,"column":80},"end":{"line":330,"column":82}}],"line":330},"46":{"loc":{"start":{"line":338,"column":2},"end":{"line":340,"column":null}},"type":"if","locations":[{"start":{"line":338,"column":2},"end":{"line":340,"column":null}},{"start":{},"end":{}}],"line":338},"47":{"loc":{"start":{"line":359,"column":2},"end":{"line":359,"column":null}},"type":"if","locations":[{"start":{"line":359,"column":2},"end":{"line":359,"column":null}},{"start":{},"end":{}}],"line":359},"48":{"loc":{"start":{"line":367,"column":2},"end":{"line":367,"column":null}},"type":"if","locations":[{"start":{"line":367,"column":2},"end":{"line":367,"column":null}},{"start":{},"end":{}}],"line":367},"49":{"loc":{"start":{"line":376,"column":2},"end":{"line":376,"column":null}},"type":"if","locations":[{"start":{"line":376,"column":2},"end":{"line":376,"column":null}},{"start":{},"end":{}}],"line":376},"50":{"loc":{"start":{"line":382,"column":2},"end":{"line":382,"column":null}},"type":"if","locations":[{"start":{"line":382,"column":2},"end":{"line":382,"column":null}},{"start":{},"end":{}}],"line":382},"51":{"loc":{"start":{"line":404,"column":2},"end":{"line":404,"column":null}},"type":"if","locations":[{"start":{"line":404,"column":2},"end":{"line":404,"column":null}},{"start":{},"end":{}}],"line":404}},"s":{"0":1,"1":1,"2":1,"3":46,"4":46,"5":46,"6":40,"7":46,"8":7,"9":7,"10":2,"11":5,"12":7,"13":9,"14":9,"15":9,"16":9,"17":1,"18":3,"19":3,"20":1,"21":2,"22":3,"23":3,"24":3,"25":1,"26":3,"27":1,"28":3,"29":3,"30":1,"31":2,"32":3,"33":3,"34":0,"35":3,"36":0,"37":3,"38":0,"39":3,"40":0,"41":3,"42":0,"43":3,"44":3,"45":3,"46":2,"47":1,"48":1,"49":2,"50":2,"51":1,"52":1,"53":4,"54":4,"55":4,"56":4,"57":1,"58":4,"59":4,"60":1,"61":4,"62":4,"63":1,"64":3,"65":1,"66":1,"67":0,"68":1,"69":1,"70":1,"71":0,"72":1,"73":1,"74":1,"75":0,"76":1,"77":1,"78":1,"79":0,"80":1,"81":1,"82":1,"83":0,"84":1,"85":1,"86":1,"87":0,"88":1,"89":1,"90":1,"91":0,"92":1,"93":2,"94":2,"95":0,"96":2,"97":1,"98":1,"99":0,"100":1,"101":1,"102":1,"103":1,"104":0,"105":1,"106":2,"107":2,"108":2,"109":1,"110":1,"111":2,"112":2,"113":1,"114":1,"115":1,"116":1,"117":1,"118":0,"119":1,"120":1,"121":1,"122":1,"123":1,"124":0,"125":1,"126":2,"127":2,"128":2,"129":1,"130":1,"131":1,"132":1,"133":1,"134":1,"135":1,"136":1,"137":1,"138":1,"139":1,"140":1,"141":3,"142":3,"143":1,"144":2,"145":2,"146":2,"147":2,"148":1,"149":1,"150":1,"151":1,"152":1,"153":0,"154":1,"155":1,"156":1,"157":0,"158":1,"159":1,"160":1,"161":0,"162":1,"163":1,"164":1,"165":0,"166":1,"167":2,"168":2,"169":1,"170":1},"f":{"0":46,"1":7,"2":9,"3":3,"4":3,"5":3,"6":2,"7":4,"8":1,"9":1,"10":1,"11":1,"12":1,"13":1,"14":1,"15":2,"16":1,"17":1,"18":2,"19":2,"20":2,"21":1,"22":1,"23":1,"24":1,"25":2,"26":1,"27":3,"28":2,"29":1,"30":1,"31":1,"32":1,"33":2},"b":{"0":[0,1],"1":[46,25],"2":[40,6],"3":[2,5],"4":[2,3],"5":[9,0],"6":[1,2],"7":[1,2],"8":[1,2],"9":[1,2],"10":[0,3],"11":[0,3],"12":[0,3],"13":[0,3],"14":[0,3],"15":[0,3],"16":[2,1],"17":[1,1],"18":[4],"19":[4,2,2],"20":[4,4,3],"21":[1,3],"22":[1,3],"23":[1,3],"24":[0,1],"25":[0,1],"26":[0,1],"27":[0,1],"28":[1],"29":[0,1],"30":[0,1],"31":[0,1],"32":[2],"33":[0,2],"34":[0,1],"35":[0,1],"36":[1,1],"37":[2],"38":[1,1],"39":[0,1],"40":[0,1],"41":[1,1],"42":[3],"43":[1,2],"44":[2,1],"45":[2],"46":[1,1],"47":[0,1],"48":[0,1],"49":[0,1],"50":[0,1],"51":[1,1]},"meta":{"lastBranch":52,"lastFunction":34,"lastStatement":171,"seen":{"s:17:24:17:71":0,"s:18:17:18:Infinity":1,"b:18:35:18:68:18:68:18:Infinity":0,"s:19:24:19:Infinity":2,"f:21:16:21:27":0,"s:22:44:22:63":3,"b:22:50:22:58:22:58:22:60":1,"s:23:19:23:64":4,"b:24:4:25:Infinity:undefined:undefined:undefined:undefined":2,"s:24:4:25:Infinity":5,"s:25:8:25:Infinity":6,"s:27:4:27:Infinity":7,"f:30:16:30:32":1,"s:31:19:31:64":8,"b:32:4:32:Infinity:undefined:undefined:undefined:undefined":3,"s:32:4:32:Infinity":9,"s:32:17:32:Infinity":10,"s:33:22:33:Infinity":11,"b:33:42:33:48:33:48:33:Infinity":4,"s:34:4:34:Infinity":12,"f:37:15:37:25":2,"s:38:17:38:33":13,"s:39:4:43:Infinity":14,"s:40:24:40:40":15,"s:41:8:41:Infinity":16,"b:41:15:41:33:41:33:41:Infinity":5,"s:43:8:43:Infinity":17,"f:47:22:47:36":3,"s:48:16:52:6":18,"b:53:4:53:Infinity:undefined:undefined:undefined:undefined":6,"s:53:4:53:Infinity":19,"s:53:17:53:Infinity":20,"s:54:4:54:Infinity":21,"f:57:22:57:36":4,"s:58:21:58:35":22,"s:59:4:59:Infinity":23,"b:60:4:60:Infinity:undefined:undefined:undefined:undefined":7,"s:60:4:60:Infinity":24,"s:60:20:60:Infinity":25,"b:61:4:61:Infinity:undefined:undefined:undefined:undefined":8,"s:61:4:61:Infinity":26,"s:61:16:61:Infinity":27,"s:63:16:67:6":28,"b:68:4:68:Infinity:undefined:undefined:undefined:undefined":9,"s:68:4:68:Infinity":29,"s:68:17:68:Infinity":30,"s:69:4:69:Infinity":31,"f:72:22:72:35":5,"s:79:14:79:35":32,"b:80:4:80:Infinity:undefined:undefined:undefined:undefined":10,"s:80:4:80:Infinity":33,"s:80:26:80:Infinity":34,"b:81:4:81:Infinity:undefined:undefined:undefined:undefined":11,"s:81:4:81:Infinity":35,"s:81:26:81:Infinity":36,"b:82:4:82:Infinity:undefined:undefined:undefined:undefined":12,"s:82:4:82:Infinity":37,"s:82:26:82:Infinity":38,"b:83:4:83:Infinity:undefined:undefined:undefined:undefined":13,"s:83:4:83:Infinity":39,"s:83:26:83:Infinity":40,"b:84:4:84:Infinity:undefined:undefined:undefined:undefined":14,"s:84:4:84:Infinity":41,"s:84:27:84:Infinity":42,"s:85:16:85:Infinity":43,"b:85:31:85:61:85:61:85:Infinity":15,"s:86:16:86:59":44,"b:87:4:87:Infinity:undefined:undefined:undefined:undefined":16,"s:87:4:87:Infinity":45,"s:87:17:87:Infinity":46,"s:88:17:88:33":47,"s:89:4:89:Infinity":48,"f:92:22:92:39":6,"s:93:16:93:92":49,"b:94:4:94:Infinity:undefined:undefined:undefined:undefined":17,"s:94:4:94:Infinity":50,"s:94:17:94:Infinity":51,"s:95:4:95:Infinity":52,"f:98:22:98:Infinity":7,"b:100:21:100:Infinity":18,"s:106:30:106:Infinity":53,"b:106:30:106:42:106:42:106:85:106:89:106:Infinity":19,"s:107:30:107:Infinity":54,"b:107:30:107:44:107:44:107:82:107:86:107:Infinity":20,"s:109:44:109:94":55,"b:110:4:111:Infinity:undefined:undefined:undefined:undefined":21,"s:110:4:111:Infinity":56,"s:111:8:111:Infinity":57,"s:114:42:114:Infinity":58,"b:115:4:115:Infinity:undefined:undefined:undefined:undefined":22,"s:115:4:115:Infinity":59,"s:115:20:115:Infinity":60,"s:117:16:121:6":61,"b:122:4:122:Infinity:undefined:undefined:undefined:undefined":23,"s:122:4:122:Infinity":62,"s:122:17:122:Infinity":63,"s:123:4:123:Infinity":64,"f:126:22:126:42":8,"s:127:16:127:102":65,"b:128:4:128:Infinity:undefined:undefined:undefined:undefined":24,"s:128:4:128:Infinity":66,"s:128:17:128:Infinity":67,"s:129:4:129:Infinity":68,"f:132:22:132:39":9,"s:133:16:133:99":69,"b:134:4:134:Infinity:undefined:undefined:undefined:undefined":25,"s:134:4:134:Infinity":70,"s:134:17:134:Infinity":71,"s:135:4:135:Infinity":72,"f:138:22:138:42":10,"s:139:16:139:102":73,"b:140:4:140:Infinity:undefined:undefined:undefined:undefined":26,"s:140:4:140:Infinity":74,"s:140:17:140:Infinity":75,"s:141:4:141:Infinity":76,"f:144:22:144:39":11,"s:145:16:148:6":77,"b:149:4:149:Infinity:undefined:undefined:undefined:undefined":27,"s:149:4:149:Infinity":78,"s:149:17:149:Infinity":79,"s:150:4:150:Infinity":80,"f:153:22:153:Infinity":12,"b:157:21:157:Infinity":28,"s:159:16:163:6":81,"b:164:4:164:Infinity:undefined:undefined:undefined:undefined":29,"s:164:4:164:Infinity":82,"s:164:17:164:Infinity":83,"s:165:4:165:Infinity":84,"f:168:22:168:42":13,"s:169:16:173:6":85,"b:174:4:174:Infinity:undefined:undefined:undefined:undefined":30,"s:174:4:174:Infinity":86,"s:174:17:174:Infinity":87,"s:175:4:175:Infinity":88,"f:178:22:178:Infinity":14,"s:182:16:186:6":89,"b:187:4:187:Infinity:undefined:undefined:undefined:undefined":31,"s:187:4:187:Infinity":90,"s:187:17:187:Infinity":91,"s:188:4:188:Infinity":92,"f:191:22:191:37":15,"b:191:77:191:111":32,"s:192:16:196:6":93,"b:197:4:197:Infinity:undefined:undefined:undefined:undefined":33,"s:197:4:197:Infinity":94,"s:197:17:197:Infinity":95,"s:198:4:198:Infinity":96,"f:201:22:201:42":16,"s:202:16:202:118":97,"b:203:4:203:Infinity:undefined:undefined:undefined:undefined":34,"s:203:4:203:Infinity":98,"s:203:17:203:Infinity":99,"s:204:17:204:33":100,"s:205:4:205:Infinity":101,"f:208:22:208:43":17,"s:209:16:209:119":102,"b:210:4:210:Infinity:undefined:undefined:undefined:undefined":35,"s:210:4:210:Infinity":103,"s:210:17:210:Infinity":104,"s:211:4:211:Infinity":105,"f:214:16:214:36":18,"s:215:4:215:Infinity":106,"f:219:22:219:37":19,"s:220:16:223:6":107,"b:224:4:224:Infinity:undefined:undefined:undefined:undefined":36,"s:224:4:224:Infinity":108,"s:224:17:224:Infinity":109,"s:225:4:225:Infinity":110,"f:233:22:233:Infinity":20,"b:236:23:236:Infinity":37,"s:238:16:242:6":111,"b:243:4:243:Infinity:undefined:undefined:undefined:undefined":38,"s:243:4:243:Infinity":112,"s:243:17:243:Infinity":113,"s:244:17:244:33":114,"s:245:4:245:Infinity":115,"f:249:22:249:Infinity":21,"s:253:16:257:6":116,"b:258:4:258:Infinity:undefined:undefined:undefined:undefined":39,"s:258:4:258:Infinity":117,"s:258:17:258:Infinity":118,"s:259:4:259:Infinity":119,"f:263:16:263:34":22,"s:264:4:264:Infinity":120,"f:268:16:268:37":23,"s:269:4:269:Infinity":121,"f:273:22:273:36":24,"s:274:16:277:6":122,"b:278:4:278:Infinity:undefined:undefined:undefined:undefined":40,"s:278:4:278:Infinity":123,"s:278:17:278:Infinity":124,"s:279:4:279:Infinity":125,"f:283:22:283:41":25,"s:284:4:297:Infinity":126,"s:285:20:285:63":127,"b:286:8:286:Infinity:undefined:undefined:undefined:undefined":41,"s:286:8:286:Infinity":128,"s:286:21:286:Infinity":129,"s:287:21:287:37":130,"s:288:23:288:48":131,"s:289:18:289:45":132,"s:290:8:290:Infinity":133,"s:291:8:291:Infinity":134,"s:292:8:292:Infinity":135,"s:293:8:293:Infinity":136,"s:294:8:294:Infinity":137,"f:294:8:294:25":26,"s:294:27:294:56":138,"s:294:56:294:89":139,"s:297:8:297:Infinity":140,"f:312:22:312:Infinity":27,"b:314:15:314:Infinity":42,"s:316:16:320:6":141,"b:321:4:321:Infinity:undefined:undefined:undefined:undefined":43,"s:321:4:321:Infinity":142,"s:321:17:321:Infinity":143,"s:322:4:322:Infinity":144,"b:322:4:322:41:322:41:322:43":44,"f:327:22:327:Infinity":28,"b:330:80:330:82":45,"s:332:14:332:Infinity":145,"s:333:14:337:4":146,"b:338:2:340:Infinity:undefined:undefined:undefined:undefined":46,"s:338:2:340:Infinity":147,"s:339:16:339:36":148,"s:340:4:340:Infinity":149,"s:342:2:342:Infinity":150,"f:354:22:354:38":29,"s:355:14:358:4":151,"b:359:2:359:Infinity:undefined:undefined:undefined:undefined":47,"s:359:2:359:Infinity":152,"s:359:15:359:Infinity":153,"s:360:2:360:Infinity":154,"f:363:22:363:35":30,"s:364:14:366:4":155,"b:367:2:367:Infinity:undefined:undefined:undefined:undefined":48,"s:367:2:367:Infinity":156,"s:367:15:367:Infinity":157,"s:368:2:368:Infinity":158,"f:371:22:371:38":31,"s:372:14:375:4":159,"b:376:2:376:Infinity:undefined:undefined:undefined:undefined":49,"s:376:2:376:Infinity":160,"s:376:15:376:Infinity":161,"s:377:2:377:Infinity":162,"f:380:22:380:39":32,"s:381:14:381:82":163,"b:382:2:382:Infinity:undefined:undefined:undefined:undefined":50,"s:382:2:382:Infinity":164,"s:382:15:382:Infinity":165,"s:383:2:383:Infinity":166,"f:400:22:400:66":33,"s:401:14:403:4":167,"b:404:2:404:Infinity:undefined:undefined:undefined:undefined":51,"s:404:2:404:Infinity":168,"s:404:15:404:Infinity":169,"s:405:2:405:Infinity":170}}}
,"/home/user/translateVideo/ui/src/hooks/useOnlineStatus.ts": {"path":"/home/user/translateVideo/ui/src/hooks/useOnlineStatus.ts","statementMap":{"0":{"start":{"line":13,"column":19},"end":{"line":13,"column":66}},"1":{"start":{"line":13,"column":49},"end":{"line":13,"column":66}},"2":{"start":{"line":14,"column":21},"end":{"line":14,"column":71}},"3":{"start":{"line":14,"column":53},"end":{"line":14,"column":71}},"4":{"start":{"line":16,"column":2},"end":{"line":44,"column":null}},"5":{"start":{"line":17,"column":10},"end":{"line":28,"column":null}},"6":{"start":{"line":18,"column":6},"end":{"line":18,"column":null}},"7":{"start":{"line":20,"column":6},"end":{"line":28,"column":null}},"8":{"start":{"line":21,"column":8},"end":{"line":28,"column":null}},"9":{"start":{"line":23,"column":12},"end":{"line":25,"column":null}},"10":{"start":{"line":24,"column":14},"end":{"line":25,"column":null}},"11":{"start":{"line":32,"column":10},"end":{"line":34,"column":null}},"12":{"start":{"line":33,"column":6},"end":{"line":33,"column":null}},"13":{"start":{"line":34,"column":6},"end":{"line":34,"column":null}},"14":{"start":{"line":37,"column":4},"end":{"line":37,"column":null}},"15":{"start":{"line":38,"column":4},"end":{"line":38,"column":null}},"16":{"start":{"line":40,"column":4},"end":{"line":42,"column":null}},"17":{"start":{"line":41,"column":6},"end":{"line":41,"column":null}},"18":{"start":{"line":42,"column":6},"end":{"line":42,"column":null}},"19":{"start":{"line":46,"column":2},"end":{"line":46,"column":null}}},"fnMap":{"0":{"name":"useOnlineStatus","decl":{"start":{"line":12,"column":16},"end":{"line":12,"column":34}},"loc":{"start":{"line":12,"column":34},"end":{"line":46,"column":null}},"line":12},"1":{"name":"(anonymous_1)","decl":{"start":{"line":13,"column":34},"end":{"line":13,"column":49}},"loc":{"start":{"line":13,"column":49},"end":{"line":13,"column":66}},"line":13},"2":{"name":"(anonymous_2)","decl":{"start":{"line":14,"column":38},"end":{"line":14,"column":53}},"loc":{"start":{"line":14,"column":53},"end":{"line":14,"column":71}},"line":14},"3":{"name":"(anonymous_3)","decl":{"start":{"line":16,"column":2},"end":{"line":16,"column":18}},"loc":{"start":{"line":16,"column":18},"end":{"line":44,"column":7}},"line":16},"4":{"name":"(anonymous_4)","decl":{"start":{"line":17,"column":10},"end":{"line":17,"column":31}},"loc":{"start":{"line":17,"column":31},"end":{"line":28,"column":null}},"line":17},"5":{"name":"(anonymous_5)","decl":{"start":{"line":22,"column":11},"end":{"line":22,"column":17}},"loc":{"start":{"line":22,"column":25},"end":{"line":27,"column":null}},"line":22},"6":{"name":"(anonymous_6)","decl":{"start":{"line":28,"column":11},"end":{"line":28,"column":23}},"loc":{"start":{"line":28,"column":23},"end":{"line":28,"column":26}},"line":28},"7":{"name":"(anonymous_7)","decl":{"start":{"line":32,"column":10},"end":{"line":32,"column":32}},"loc":{"start":{"line":32,"column":32},"end":{"line":34,"column":null}},"line":32},"8":{"name":"(anonymous_8)","decl":{"start":{"line":40,"column":4},"end":{"line":40,"column":17}},"loc":{"start":{"line":40,"column":17},"end":{"line":42,"column":null}},"line":40}},"branchMap":{"0":{"loc":{"start":{"line":20,"column":6},"end":{"line":28,"column":null}},"type":"if","locations":[{"start":{"line":20,"column":6},"end":{"line":28,"column":null}},{"start":{},"end":{}}],"line":20},"1":{"loc":{"start":{"line":20,"column":10},"end":{"line":20,"column":78}},"type":"binary-expr","locations":[{"start":{"line":20,"column":10},"end":{"line":20,"column":42}},{"start":{"line":20,"column":42},"end":{"line":20,"column":78}}],"line":20},"2":{"loc":{"start":{"line":23,"column":12},"end":{"line":25,"column":null}},"type":"if","locations":[{"start":{"line":23,"column":12},"end":{"line":25,"column":null}},{"start":{},"end":{}}],"line":23}},"s":{"0":16,"1":6,"2":16,"3":6,"4":16,"5":6,"6":9,"7":9,"8":5,"9":5,"10":5,"11":6,"12":3,"13":3,"14":6,"15":6,"16":6,"17":1,"18":1,"19":16},"f":{"0":16,"1":6,"2":6,"3":6,"4":9,"5":5,"6":0,"7":3,"8":1},"b":{"0":[5,4],"1":[9,5],"2":[5,0]},"meta":{"lastBranch":3,"lastFunction":9,"lastStatement":20,"seen":{"f:12:16:12:34":0,"s:13:19:13:66":0,"f:13:34:13:49":1,"s:13:49:13:66":1,"s:14:21:14:71":2,"f:14:38:14:53":2,"s:14:53:14:71":3,"s:16:2:44:Infinity":4,"f:16:2:16:18":3,"s:17:10:28:Infinity":5,"f:17:10:17:31":4,"s:18:6:18:Infinity":6,"b:20:6:28:Infinity:undefined:undefined:undefined:undefined":0,"s:20:6:28:Infinity":7,"b:20:10:20:42:20:42:20:78":1,"s:21:8:28:Infinity":8,"f:22:11:22:17":5,"b:23:12:25:Infinity:undefined:undefined:undefined:undefined":2,"s:23:12:25:Infinity":9,"s:24:14:25:Infinity":10,"f:28:11:28:23":6,"s:32:10:34:Infinity":11,"f:32:10:32:32":7,"s:33:6:33:Infinity":12,"s:34:6:34:Infinity":13,"s:37:4:37:Infinity":14,"s:38:4:38:Infinity":15,"s:40:4:42:Infinity":16,"f:40:4:40:17":8,"s:41:6:41:Infinity":17,"s:42:6:42:Infinity":18,"s:46:2:46:Infinity":19}}}
,"/home/user/translateVideo/ui/src/hooks/useVisibilityRefresh.ts": {"path":"/home/user/translateVideo/ui/src/hooks/useVisibilityRefresh.ts","statementMap":{"0":{"start":{"line":24,"column":2},"end":{"line":38,"column":null}},"1":{"start":{"line":25,"column":4},"end":{"line":25,"column":null}},"2":{"start":{"line":25,"column":18},"end":{"line":25,"column":null}},"3":{"start":{"line":27,"column":10},"end":{"line":29,"column":null}},"4":{"start":{"line":28,"column":6},"end":{"line":29,"column":null}},"5":{"start":{"line":29,"column":8},"end":{"line":29,"column":null}},"6":{"start":{"line":33,"column":4},"end":{"line":33,"column":null}},"7":{"start":{"line":35,"column":4},"end":{"line":36,"column":null}},"8":{"start":{"line":36,"column":6},"end":{"line":36,"column":null}},"9":{"start":{"line":56,"column":2},"end":{"line":56,"column":null}},"10":{"start":{"line":56,"column":35},"end":{"line":56,"column":null}},"11":{"start":{"line":59,"column":2},"end":{"line":63,"column":null}},"12":{"start":{"line":60,"column":4},"end":{"line":63,"column":null}},"13":{"start":{"line":61,"column":6},"end":{"line":61,"column":null}},"14":{"start":{"line":63,"column":6},"end":{"line":63,"column":null}},"15":{"start":{"line":67,"column":2},"end":{"line":67,"column":null}},"16":{"start":{"line":67,"column":45},"end":{"line":67,"column":null}},"17":{"start":{"line":70,"column":4},"end":{"line":72,"column":null}},"18":{"start":{"line":75,"column":4},"end":{"line":77,"column":null}},"19":{"start":{"line":80,"column":2},"end":{"line":80,"column":null}},"20":{"start":{"line":80,"column":46},"end":{"line":80,"column":null}},"21":{"start":{"line":82,"column":2},"end":{"line":93,"column":null}},"22":{"start":{"line":83,"column":14},"end":{"line":87,"column":6}},"23":{"start":{"line":89,"column":4},"end":{"line":91,"column":null}},"24":{"start":{"line":90,"column":6},"end":{"line":90,"column":null}},"25":{"start":{"line":91,"column":6},"end":{"line":91,"column":null}}},"fnMap":{"0":{"name":"useVisibilityRefresh","decl":{"start":{"line":20,"column":16},"end":{"line":20,"column":37}},"loc":{"start":{"line":23,"column":38},"end":{"line":38,"column":null}},"line":23},"1":{"name":"(anonymous_1)","decl":{"start":{"line":24,"column":2},"end":{"line":24,"column":18}},"loc":{"start":{"line":24,"column":18},"end":{"line":38,"column":6}},"line":24},"2":{"name":"(anonymous_2)","decl":{"start":{"line":27,"column":10},"end":{"line":27,"column":41}},"loc":{"start":{"line":27,"column":41},"end":{"line":29,"column":null}},"line":27},"3":{"name":"(anonymous_3)","decl":{"start":{"line":35,"column":4},"end":{"line":35,"column":17}},"loc":{"start":{"line":35,"column":17},"end":{"line":36,"column":null}},"line":35},"4":{"name":"requestCompletionNotification","decl":{"start":{"line":52,"column":22},"end":{"line":52,"column":null}},"loc":{"start":{"line":55,"column":17},"end":{"line":93,"column":null}},"line":55},"5":{"name":"(anonymous_5)","decl":{"start":{"line":89,"column":6},"end":{"line":89,"column":22}},"loc":{"start":{"line":89,"column":22},"end":{"line":91,"column":null}},"line":89}},"branchMap":{"0":{"loc":{"start":{"line":22,"column":2},"end":{"line":22,"column":null}},"type":"default-arg","locations":[{"start":{"line":22,"column":12},"end":{"line":22,"column":null}}],"line":22},"1":{"loc":{"start":{"line":25,"column":4},"end":{"line":25,"column":null}},"type":"if","locations":[{"start":{"line":25,"column":4},"end":{"line":25,"column":null}},{"start":{},"end":{}}],"line":25},"2":{"loc":{"start":{"line":28,"column":6},"end":{"line":29,"column":null}},"type":"if","locations":[{"start":{"line":28,"column":6},"end":{"line":29,"column":null}},{"start":{},"end":{}}],"line":28},"3":{"loc":{"start":{"line":56,"column":2},"end":{"line":56,"column":null}},"type":"if","locations":[{"start":{"line":56,"column":2},"end":{"line":56,"column":null}},{"start":{},"end":{}}],"line":56},"4":{"loc":{"start":{"line":59,"column":2},"end":{"line":63,"column":null}},"type":"if","locations":[{"start":{"line":59,"column":2},"end":{"line":63,"column":null}},{"start":{},"end":{}}],"line":59},"5":{"loc":{"start":{"line":67,"column":2},"end":{"line":67,"column":null}},"type":"if","locations":[{"start":{"line":67,"column":2},"end":{"line":67,"column":null}},{"start":{},"end":{}}],"line":67},"6":{"loc":{"start":{"line":70,"column":4},"end":{"line":72,"column":null}},"type":"cond-expr","locations":[{"start":{"line":71,"column":8},"end":{"line":71,"column":null}},{"start":{"line":72,"column":8},"end":{"line":72,"column":null}}],"line":70},"7":{"loc":{"start":{"line":75,"column":4},"end":{"line":77,"column":null}},"type":"cond-expr","locations":[{"start":{"line":76,"column":8},"end":{"line":76,"column":null}},{"start":{"line":77,"column":8},"end":{"line":77,"column":null}}],"line":75},"8":{"loc":{"start":{"line":80,"column":2},"end":{"line":80,"column":null}},"type":"if","locations":[{"start":{"line":80,"column":2},"end":{"line":80,"column":null}},{"start":{},"end":{}}],"line":80}},"s":{"0":6,"1":6,"2":1,"3":5,"4":5,"5":2,"6":5,"7":5,"8":1,"9":5,"10":1,"11":4,"12":1,"13":1,"14":0,"15":4,"16":4,"17":2,"18":5,"19":5,"20":1,"21":1,"22":1,"23":1,"24":0,"25":0},"f":{"0":6,"1":6,"2":5,"3":1,"4":5,"5":0},"b":{"0":[6],"1":[1,5],"2":[2,3],"3":[1,4],"4":[1,3],"5":[2,2],"6":[2,0],"7":[2,0],"8":[1,4]},"meta":{"lastBranch":9,"lastFunction":6,"lastStatement":26,"seen":{"f:20:16:20:37":0,"b:22:12:22:Infinity":0,"s:24:2:38:Infinity":0,"f:24:2:24:18":1,"b:25:4:25:Infinity:undefined:undefined:undefined:undefined":1,"s:25:4:25:Infinity":1,"s:25:18:25:Infinity":2,"s:27:10:29:Infinity":3,"f:27:10:27:41":2,"b:28:6:29:Infinity:undefined:undefined:undefined:undefined":2,"s:28:6:29:Infinity":4,"s:29:8:29:Infinity":5,"s:33:4:33:Infinity":6,"s:35:4:36:Infinity":7,"f:35:4:35:17":3,"s:36:6:36:Infinity":8,"f:52:22:52:Infinity":4,"b:56:2:56:Infinity:undefined:undefined:undefined:undefined":3,"s:56:2:56:Infinity":9,"s:56:35:56:Infinity":10,"b:59:2:63:Infinity:undefined:undefined:undefined:undefined":4,"s:59:2:63:Infinity":11,"s:60:4:63:Infinity":12,"s:61:6:61:Infinity":13,"s:63:6:63:Infinity":14,"b:67:2:67:Infinity:undefined:undefined:undefined:undefined":5,"s:67:2:67:Infinity":15,"s:67:45:67:Infinity":16,"s:70:4:72:Infinity":17,"b:71:8:71:Infinity:72:8:72:Infinity":6,"s:75:4:77:Infinity":18,"b:76:8:76:Infinity:77:8:77:Infinity":7,"b:80:2:80:Infinity:undefined:undefined:undefined:undefined":8,"s:80:2:80:Infinity":19,"s:80:46:80:Infinity":20,"s:82:2:93:Infinity":21,"s:83:14:87:6":22,"s:89:4:91:Infinity":23,"f:89:6:89:22":5,"s:90:6:90:Infinity":24,"s:91:6:91:Infinity":25}}}
,"/home/user/translateVideo/ui/src/store/settings.ts": {"path":"/home/user/translateVideo/ui/src/store/settings.ts","statementMap":{"0":{"start":{"line":8,"column":19},"end":{"line":8,"column":null}},"1":{"start":{"line":9,"column":20},"end":{"line":9,"column":null}},"2":{"start":{"line":10,"column":17},"end":{"line":10,"column":null}},"3":{"start":{"line":11,"column":20},"end":{"line":11,"column":null}},"4":{"start":{"line":12,"column":26},"end":{"line":12,"column":null}},"5":{"start":{"line":13,"column":19},"end":{"line":13,"column":null}},"6":{"start":{"line":14,"column":18},"end":{"line":14,"column":null}},"7":{"start":{"line":16,"column":32},"end":{"line":16,"column":null}},"8":{"start":{"line":17,"column":30},"end":{"line":17,"column":null}},"9":{"start":{"line":21,"column":2},"end":{"line":21,"column":null}},"10":{"start":{"line":25,"column":2},"end":{"line":25,"column":null}},"11":{"start":{"line":29,"column":16},"end":{"line":29,"column":46}},"12":{"start":{"line":30,"column":2},"end":{"line":30,"column":null}},"13":{"start":{"line":30,"column":13},"end":{"line":30,"column":null}},"14":{"start":{"line":33,"column":2},"end":{"line":33,"column":null}},"15":{"start":{"line":37,"column":2},"end":{"line":37,"column":null}},"16":{"start":{"line":42,"column":12},"end":{"line":42,"column":51}},"17":{"start":{"line":43,"column":2},"end":{"line":43,"column":null}},"18":{"start":{"line":43,"column":38},"end":{"line":43,"column":null}},"19":{"start":{"line":44,"column":2},"end":{"line":44,"column":null}},"20":{"start":{"line":49,"column":2},"end":{"line":49,"column":null}},"21":{"start":{"line":53,"column":2},"end":{"line":54,"column":null}},"22":{"start":{"line":54,"column":4},"end":{"line":54,"column":null}},"23":{"start":{"line":56,"column":14},"end":{"line":56,"column":45}},"24":{"start":{"line":57,"column":2},"end":{"line":57,"column":null}},"25":{"start":{"line":61,"column":21},"end":{"line":61,"column":33}},"26":{"start":{"line":62,"column":2},"end":{"line":65,"column":null}},"27":{"start":{"line":63,"column":4},"end":{"line":63,"column":null}},"28":{"start":{"line":65,"column":4},"end":{"line":65,"column":null}},"29":{"start":{"line":70,"column":2},"end":{"line":70,"column":null}},"30":{"start":{"line":74,"column":2},"end":{"line":74,"column":null}},"31":{"start":{"line":78,"column":2},"end":{"line":78,"column":null}},"32":{"start":{"line":83,"column":2},"end":{"line":83,"column":null}},"33":{"start":{"line":88,"column":2},"end":{"line":88,"column":null}},"34":{"start":{"line":92,"column":2},"end":{"line":92,"column":null}},"35":{"start":{"line":96,"column":2},"end":{"line":96,"column":null}},"36":{"start":{"line":97,"column":2},"end":{"line":97,"column":null}},"37":{"start":{"line":102,"column":2},"end":{"line":102,"column":null}},"38":{"start":{"line":103,"column":2},"end":{"line":103,"column":null}},"39":{"start":{"line":107,"column":2},"end":{"line":107,"column":null}}},"fnMap":{"0":{"name":"getPersistedWebhook","decl":{"start":{"line":20,"column":16},"end":{"line":20,"column":46}},"loc":{"start":{"line":20,"column":46},"end":{"line":21,"column":null}},"line":20},"1":{"name":"getPersistedProvider","decl":{"start":{"line":24,"column":16},"end":{"line":24,"column":47}},"loc":{"start":{"line":24,"column":47},"end":{"line":25,"column":null}},"line":24},"2":{"name":"getPersistedTheme","decl":{"start":{"line":28,"column":16},"end":{"line":28,"column":44}},"loc":{"start":{"line":28,"column":44},"end":{"line":33,"column":null}},"line":28},"3":{"name":"getPersistedLargeText","decl":{"start":{"line":36,"column":16},"end":{"line":36,"column":49}},"loc":{"start":{"line":36,"column":49},"end":{"line":37,"column":null}},"line":36},"4":{"name":"getPersistedFontLevel","decl":{"start":{"line":41,"column":16},"end":{"line":41,"column":70}},"loc":{"start":{"line":41,"column":70},"end":{"line":44,"column":null}},"line":41},"5":{"name":"getPersistedCompactMode","decl":{"start":{"line":48,"column":16},"end":{"line":48,"column":51}},"loc":{"start":{"line":48,"column":51},"end":{"line":49,"column":null}},"line":48},"6":{"name":"getPersistedLocale","decl":{"start":{"line":52,"column":16},"end":{"line":52,"column":48}},"loc":{"start":{"line":52,"column":48},"end":{"line":57,"column":null}},"line":52},"7":{"name":"persistWebhook","decl":{"start":{"line":60,"column":16},"end":{"line":60,"column":31}},"loc":{"start":{"line":60,"column":52},"end":{"line":65,"column":null}},"line":60},"8":{"name":"persistProvider","decl":{"start":{"line":69,"column":16},"end":{"line":69,"column":32}},"loc":{"start":{"line":69,"column":53},"end":{"line":70,"column":null}},"line":69},"9":{"name":"persistTheme","decl":{"start":{"line":73,"column":16},"end":{"line":73,"column":29}},"loc":{"start":{"line":73,"column":50},"end":{"line":74,"column":null}},"line":73},"10":{"name":"persistLargeText","decl":{"start":{"line":77,"column":16},"end":{"line":77,"column":33}},"loc":{"start":{"line":77,"column":55},"end":{"line":78,"column":null}},"line":77},"11":{"name":"persistFontLevel","decl":{"start":{"line":82,"column":16},"end":{"line":82,"column":33}},"loc":{"start":{"line":82,"column":76},"end":{"line":83,"column":null}},"line":82},"12":{"name":"persistCompactMode","decl":{"start":{"line":87,"column":16},"end":{"line":87,"column":35}},"loc":{"start":{"line":87,"column":57},"end":{"line":88,"column":null}},"line":87},"13":{"name":"persistLocale","decl":{"start":{"line":91,"column":16},"end":{"line":91,"column":30}},"loc":{"start":{"line":91,"column":54},"end":{"line":92,"column":null}},"line":91},"14":{"name":"applyTheme","decl":{"start":{"line":95,"column":16},"end":{"line":95,"column":27}},"loc":{"start":{"line":95,"column":68},"end":{"line":97,"column":null}},"line":95},"15":{"name":"applyFontLevel","decl":{"start":{"line":101,"column":16},"end":{"line":101,"column":31}},"loc":{"start":{"line":101,"column":92},"end":{"line":103,"column":null}},"line":101},"16":{"name":"applyLocale","decl":{"start":{"line":106,"column":16},"end":{"line":106,"column":28}},"loc":{"start":{"line":106,"column":53},"end":{"line":107,"column":null}},"line":106}},"branchMap":{"0":{"loc":{"start":{"line":21,"column":9},"end":{"line":21,"column":null}},"type":"binary-expr","locations":[{"start":{"line":21,"column":9},"end":{"line":21,"column":41}},{"start":{"line":21,"column":45},"end":{"line":21,"column":null}}],"line":21},"1":{"loc":{"start":{"line":25,"column":9},"end":{"line":25,"column":null}},"type":"binary-expr","locations":[{"start":{"line":25,"column":9},"end":{"line":25,"column":42}},{"start":{"line":25,"column":46},"end":{"line":25,"column":null}}],"line":25},"2":{"loc":{"start":{"line":30,"column":2},"end":{"line":30,"column":null}},"type":"if","locations":[{"start":{"line":30,"column":2},"end":{"line":30,"column":null}},{"start":{},"end":{}}],"line":30},"3":{"loc":{"start":{"line":33,"column":9},"end":{"line":33,"column":null}},"type":"cond-expr","locations":[{"start":{"line":33,"column":71},"end":{"line":33,"column":80}},{"start":{"line":33,"column":80},"end":{"line":33,"column":null}}],"line":33},"4":{"loc":{"start":{"line":43,"column":2},"end":{"line":43,"column":null}},"type":"if","locations":[{"start":{"line":43,"column":2},"end":{"line":43,"column":null}},{"start":{},"end":{}}],"line":43},"5":{"loc":{"start":{"line":43,"column":6},"end":{"line":43,"column":38}},"type":"binary-expr","locations":[{"start":{"line":43,"column":6},"end":{"line":43,"column":23}},{"start":{"line":43,"column":23},"end":{"line":43,"column":38}}],"line":43},"6":{"loc":{"start":{"line":53,"column":2},"end":{"line":54,"column":null}},"type":"if","locations":[{"start":{"line":53,"column":2},"end":{"line":54,"column":null}},{"start":{},"end":{}}],"line":53},"7":{"loc":{"start":{"line":57,"column":9},"end":{"line":57,"column":null}},"type":"cond-expr","locations":[{"start":{"line":57,"column":24},"end":{"line":57,"column":31}},{"start":{"line":57,"column":31},"end":{"line":57,"column":null}}],"line":57},"8":{"loc":{"start":{"line":62,"column":2},"end":{"line":65,"column":null}},"type":"if","locations":[{"start":{"line":62,"column":2},"end":{"line":65,"column":null}},{"start":{"line":64,"column":9},"end":{"line":65,"column":null}}],"line":62}},"s":{"0":3,"1":3,"2":3,"3":3,"4":3,"5":3,"6":3,"7":3,"8":3,"9":2,"10":2,"11":3,"12":3,"13":2,"14":1,"15":3,"16":0,"17":0,"18":0,"19":0,"20":0,"21":19,"22":16,"23":3,"24":3,"25":4,"26":4,"27":2,"28":2,"29":1,"30":1,"31":2,"32":0,"33":0,"34":2,"35":3,"36":3,"37":0,"38":0,"39":2},"f":{"0":2,"1":2,"2":3,"3":3,"4":0,"5":0,"6":19,"7":4,"8":1,"9":1,"10":2,"11":0,"12":0,"13":2,"14":3,"15":0,"16":2},"b":{"0":[2,1],"1":[2,1],"2":[2,1],"3":[0,1],"4":[0,0],"5":[0,0],"6":[16,3],"7":[1,2],"8":[2,2]},"meta":{"lastBranch":9,"lastFunction":17,"lastStatement":40,"seen":{"s:8:19:8:Infinity":0,"s:9:20:9:Infinity":1,"s:10:17:10:Infinity":2,"s:11:20:11:Infinity":3,"s:12:26:12:Infinity":4,"s:13:19:13:Infinity":5,"s:14:18:14:Infinity":6,"s:16:32:16:Infinity":7,"s:17:30:17:Infinity":8,"f:20:16:20:46":0,"s:21:2:21:Infinity":9,"b:21:9:21:41:21:45:21:Infinity":0,"f:24:16:24:47":1,"s:25:2:25:Infinity":10,"b:25:9:25:42:25:46:25:Infinity":1,"f:28:16:28:44":2,"s:29:16:29:46":11,"b:30:2:30:Infinity:undefined:undefined:undefined:undefined":2,"s:30:2:30:Infinity":12,"s:30:13:30:Infinity":13,"s:33:2:33:Infinity":14,"b:33:71:33:80:33:80:33:Infinity":3,"f:36:16:36:49":3,"s:37:2:37:Infinity":15,"f:41:16:41:70":4,"s:42:12:42:51":16,"b:43:2:43:Infinity:undefined:undefined:undefined:undefined":4,"s:43:2:43:Infinity":17,"b:43:6:43:23:43:23:43:38":5,"s:43:38:43:Infinity":18,"s:44:2:44:Infinity":19,"f:48:16:48:51":5,"s:49:2:49:Infinity":20,"f:52:16:52:48":6,"b:53:2:54:Infinity:undefined:undefined:undefined:undefined":6,"s:53:2:54:Infinity":21,"s:54:4:54:Infinity":22,"s:56:14:56:45":23,"s:57:2:57:Infinity":24,"b:57:24:57:31:57:31:57:Infinity":7,"f:60:16:60:31":7,"s:61:21:61:33":25,"b:62:2:65:Infinity:64:9:65:Infinity":8,"s:62:2:65:Infinity":26,"s:63:4:63:Infinity":27,"s:65:4:65:Infinity":28,"f:69:16:69:32":8,"s:70:2:70:Infinity":29,"f:73:16:73:29":9,"s:74:2:74:Infinity":30,"f:77:16:77:33":10,"s:78:2:78:Infinity":31,"f:82:16:82:33":11,"s:83:2:83:Infinity":32,"f:87:16:87:35":12,"s:88:2:88:Infinity":33,"f:91:16:91:30":13,"s:92:2:92:Infinity":34,"f:95:16:95:27":14,"s:96:2:96:Infinity":35,"s:97:2:97:Infinity":36,"f:101:16:101:31":15,"s:102:2:102:Infinity":37,"s:103:2:103:Infinity":38,"f:106:16:106:28":16,"s:107:2:107:Infinity":39}}}
}
