{"/home/user/translateVideo/ui/src/i18n.ts": {"path":"/home/user/translateVideo/ui/src/i18n.ts","statementMap":{"0":{"start":{"line":12,"column":56},"end":{"line":15,"column":null}},"1":{"start":{"line":17,"column":24},"end":{"line":424,"column":null}},"2":{"start":{"line":426,"column":52},"end":{"line":433,"column":null}},"3":{"start":{"line":436,"column":2},"end":{"line":436,"column":null}},"4":{"start":{"line":440,"column":2},"end":{"line":440,"column":null}},"5":{"start":{"line":444,"column":14},"end":{"line":444,"column":null}},"6":{"start":{"line":445,"column":16},"end":{"line":445,"column":30}},"7":{"start":{"line":446,"column":2},"end":{"line":446,"column":null}},"8":{"start":{"line":450,"column":14},"end":{"line":450,"column":null}},"9":{"start":{"line":451,"column":16},"end":{"line":451,"column":30}},"10":{"start":{"line":452,"column":2},"end":{"line":452,"column":null}},"11":{"start":{"line":456,"column":2},"end":{"line":456,"column":null}},"12":{"start":{"line":460,"column":16},"end":{"line":460,"column":51}},"13":{"start":{"line":461,"column":2},"end":{"line":461,"column":null}},"14":{"start":{"line":465,"column":2},"end":{"line":468,"column":null}},"15":{"start":{"line":472,"column":2},"end":{"line":475,"column":null}},"16":{"start":{"line":479,"column":31},"end":{"line":479,"column":51}},"17":{"start":{"line":480,"column":33},"end":{"line":480,"column":55}},"18":{"start":{"line":484,"column":2},"end":{"line":488,"column":null}},"19":{"start":{"line":485,"column":10},"end":{"line":485,"column":55}},"20":{"start":{"line":486,"column":19},"end":{"line":486,"column":39}},"21":{"start":{"line":487,"column":4},"end":{"line":487,"column":null}}},"fnMap":{"0":{"name":"currentLocale","decl":{"start":{"line":435,"column":16},"end":{"line":435,"column":43}},"loc":{"start":{"line":435,"column":43},"end":{"line":436,"column":null}},"line":435},"1":{"name":"t","decl":{"start":{"line":439,"column":16},"end":{"line":439,"column":18}},"loc":{"start":{"line":439,"column":76},"end":{"line":440,"column":null}},"line":439},"2":{"name":"stageLabel","decl":{"start":{"line":443,"column":16},"end":{"line":443,"column":27}},"loc":{"start":{"line":443,"column":85},"end":{"line":446,"column":null}},"line":443},"3":{"name":"statusLabel","decl":{"start":{"line":449,"column":16},"end":{"line":449,"column":28}},"loc":{"start":{"line":449,"column":86},"end":{"line":452,"column":null}},"line":449},"4":{"name":"providerLabel","decl":{"start":{"line":455,"column":16},"end":{"line":455,"column":30}},"loc":{"start":{"line":455,"column":88},"end":{"line":456,"column":null}},"line":455},"5":{"name":"providerWarning","decl":{"start":{"line":459,"column":16},"end":{"line":459,"column":32}},"loc":{"start":{"line":459,"column":102},"end":{"line":461,"column":null}},"line":459},"6":{"name":"providerLabels","decl":{"start":{"line":464,"column":16},"end":{"line":464,"column":31}},"loc":{"start":{"line":464,"column":92},"end":{"line":468,"column":null}},"line":464},"7":{"name":"providerWarnings","decl":{"start":{"line":471,"column":16},"end":{"line":471,"column":33}},"loc":{"start":{"line":471,"column":106},"end":{"line":475,"column":null}},"line":471},"8":{"name":"needsReviewCount","decl":{"start":{"line":483,"column":16},"end":{"line":483,"column":33}},"loc":{"start":{"line":483,"column":109},"end":{"line":488,"column":null}},"line":483},"9":{"name":"(anonymous_9)","decl":{"start":{"line":484,"column":18},"end":{"line":484,"column":25}},"loc":{"start":{"line":484,"column":30},"end":{"line":488,"column":5}},"line":484}},"branchMap":{"0":{"loc":{"start":{"line":439,"column":31},"end":{"line":439,"column":66}},"type":"default-arg","locations":[{"start":{"line":439,"column":51},"end":{"line":439,"column":66}}],"line":439},"1":{"loc":{"start":{"line":440,"column":9},"end":{"line":440,"column":null}},"type":"binary-expr","locations":[{"start":{"line":440,"column":9},"end":{"line":440,"column":30}},{"start":{"line":440,"column":30},"end":{"line":440,"column":46}},{"start":{"line":440,"column":46},"end":{"line":440,"column":null}}],"line":440},"2":{"loc":{"start":{"line":443,"column":40},"end":{"line":443,"column":75}},"type":"default-arg","locations":[{"start":{"line":443,"column":60},"end":{"line":443,"column":75}}],"line":443},"3":{"loc":{"start":{"line":446,"column":9},"end":{"line":446,"column":null}},"type":"cond-expr","locations":[{"start":{"line":446,"column":25},"end":{"line":446,"column":47}},{"start":{"line":446,"column":50},"end":{"line":446,"column":null}}],"line":446},"4":{"loc":{"start":{"line":449,"column":41},"end":{"line":449,"column":76}},"type":"default-arg","locations":[{"start":{"line":449,"column":61},"end":{"line":449,"column":76}}],"line":449},"5":{"loc":{"start":{"line":452,"column":9},"end":{"line":452,"column":null}},"type":"cond-expr","locations":[{"start":{"line":452,"column":25},"end":{"line":452,"column":31}},{"start":{"line":452,"column":31},"end":{"line":452,"column":null}}],"line":452},"6":{"loc":{"start":{"line":455,"column":43},"end":{"line":455,"column":78}},"type":"default-arg","locations":[{"start":{"line":455,"column":63},"end":{"line":455,"column":78}}],"line":455},"7":{"loc":{"start":{"line":459,"column":45},"end":{"line":459,"column":80}},"type":"default-arg","locations":[{"start":{"line":459,"column":65},"end":{"line":459,"column":80}}],"line":459},"8":{"loc":{"start":{"line":461,"column":9},"end":{"line":461,"column":null}},"type":"cond-expr","locations":[{"start":{"line":461,"column":48},"end":{"line":461,"column":60}},{"start":{"line":461,"column":60},"end":{"line":461,"column":null}}],"line":461},"9":{"loc":{"start":{"line":464,"column":31},"end":{"line":464,"column":66}},"type":"default-arg","locations":[{"start":{"line":464,"column":51},"end":{"line":464,"column":66}}],"line":464},"10":{"loc":{"start":{"line":471,"column":33},"end":{"line":471,"column":68}},"type":"default-arg","locations":[{"start":{"line":471,"column":53},"end":{"line":471,"column":68}}],"line":471},"11":{"loc":{"start":{"line":485,"column":24},"end":{"line":485,"column":49}},"type":"binary-expr","locations":[{"start":{"line":485,"column":24},"end":{"line":485,"column":45}},{"start":{"line":485,"column":45},"end":{"line":485,"column":49}}],"line":485},"12":{"loc":{"start":{"line":487,"column":11},"end":{"line":487,"column":null}},"type":"binary-expr","locations":[{"start":{"line":487,"column":11},"end":{"line":487,"column":26}},{"start":{"line":487,"column":26},"end":{"line":487,"column":null}}],"line":487}},"s":{"0":2,"1":2,"2":2,"3":16,"4":89,"5":11,"6":11,"7":11,"8":8,"9":8,"10":8,"11":5,"12":4,"13":4,"14":2,"15":2,"16":2,"17":2,"18":8,"19":20,"20":20,"21":20},"f":{"0":16,"1":89,"2":11,"3":8,"4":5,"5":4,"6":2,"7":2,"8":8,"9":20},"b":{"0":[89],"1":[89,0,0],"2":[11],"3":[0,11],"4":[8],"5":[0,8],"6":[5],"7":[4],"8":[0,4],"9":[2],"10":[2],"11":[20,0],"12":[20,8]},"meta":{"lastBranch":13,"lastFunction":10,"lastStatement":22,"seen":{"s:12:56:15:Infinity":0,"s:17:24:424:Infinity":1,"s:426:52:433:Infinity":2,"f:435:16:435:43":0,"s:436:2:436:Infinity":3,"f:439:16:439:18":1,"b:439:51:439:66":0,"s:440:2:440:Infinity":4,"b:440:9:440:30:440:30:440:46:440:46:440:Infinity":1,"f:443:16:443:27":2,"b:443:60:443:75":2,"s:444:14:444:Infinity":5,"s:445:16:445:30":6,"s:446:2:446:Infinity":7,"b:446:25:446:47:446:50:446:Infinity":3,"f:449:16:449:28":3,"b:449:61:449:76":4,"s:450:14:450:Infinity":8,"s:451:16:451:30":9,"s:452:2:452:Infinity":10,"b:452:25:452:31:452:31:452:Infinity":5,"f:455:16:455:30":4,"b:455:63:455:78":6,"s:456:2:456:Infinity":11,"f:459:16:459:32":5,"b:459:65:459:80":7,"s:460:16:460:51":12,"s:461:2:461:Infinity":13,"b:461:48:461:60:461:60:461:Infinity":8,"f:464:16:464:31":6,"b:464:51:464:66":9,"s:465:2:468:Infinity":14,"f:471:16:471:33":7,"b:471:53:471:68":10,"s:472:2:475:Infinity":15,"s:479:31:479:51":16,"s:480:33:480:55":17,"f:483:16:483:33":8,"s:484:2:488:Infinity":18,"f:484:18:484:25":9,"s:485:10:485:55":19,"b:485:24:485:45:485:45:485:49":11,"s:486:19:486:39":20,"s:487:4:487:Infinity":21,"b:487:11:487:26:487:26:487:Infinity":12}}}
,"/home/user/translateVideo/ui/src/progress.ts": {"path":"/home/user/translateVideo/ui/src/progress.ts","statementMap":{"0":{"start":{"line":13,"column":16},"end":{"line":13,"column":null}},"1":{"start":{"line":14,"column":2},"end":{"line":15,"column":null}},"2":{"start":{"line":15,"column":4},"end":{"line":15,"column":null}},"3":{"start":{"line":18,"column":21},"end":{"line":18,"column":null}},"4":{"start":{"line":19,"column":18},"end":{"line":19,"column":58}},"5":{"start":{"line":20,"column":18},"end":{"line":20,"column":53}},"6":{"start":{"line":22,"column":2},"end":{"line":28,"column":null}}},"fnMap":{"0":{"name":"stageProgressInfo","decl":{"start":{"line":11,"column":16},"end":{"line":11,"column":34}},"loc":{"start":{"line":11,"column":83},"end":{"line":28,"column":null}},"line":11}},"branchMap":{"0":{"loc":{"start":{"line":14,"column":2},"end":{"line":15,"column":null}},"type":"if","locations":[{"start":{"line":14,"column":2},"end":{"line":15,"column":null}},{"start":{},"end":{}}],"line":14},"1":{"loc":{"start":{"line":14,"column":6},"end":{"line":14,"column":47}},"type":"binary-expr","locations":[{"start":{"line":14,"column":6},"end":{"line":14,"column":35}},{"start":{"line":14,"column":35},"end":{"line":14,"column":47}}],"line":14},"2":{"loc":{"start":{"line":18,"column":21},"end":{"line":18,"column":null}},"type":"cond-expr","locations":[{"start":{"line":18,"column":65},"end":{"line":18,"column":88}},{"start":{"line":18,"column":88},"end":{"line":18,"column":null}}],"line":18},"3":{"loc":{"start":{"line":27,"column":13},"end":{"line":27,"column":null}},"type":"binary-expr","locations":[{"start":{"line":27,"column":13},"end":{"line":27,"column":38}},{"start":{"line":27,"column":38},"end":{"line":27,"column":null}}],"line":27}},"s":{"0":3,"1":3,"2":1,"3":2,"4":3,"5":3,"6":3},"f":{"0":3},"b":{"0":[1,2],"1":[3,2],"2":[2,0],"3":[3,1]},"meta":{"lastBranch":4,"lastFunction":1,"lastStatement":7,"seen":{"f:11:16:11:34":0,"s:13:16:13:Infinity":0,"b:14:2:15:Infinity:undefined:undefined:undefined:undefined":0,"s:14:2:15:Infinity":1,"b:14:6:14:35:14:35:14:47":1,"s:15:4:15:Infinity":2,"s:18:21:18:Infinity":3,"b:18:65:18:88:18:88:18:Infinity":2,"s:19:18:19:58":4,"s:20:18:20:53":5,"s:22:2:28:Infinity":6,"b:27:13:27:38:27:38:27:Infinity":3}}}
,"/home/user/translateVideo/ui/src/qa_stage_filter.ts": {"path":"/home/user/translateVideo/ui/src/qa_stage_filter.ts","statementMap":{"0":{"start":{"line":16,"column":61},"end":{"line":22,"column":null}},"1":{"start":{"line":32,"column":19},"end":{"line":32,"column":51}},"2":{"start":{"line":33,"column":2},"end":{"line":35,"column":null}},"3":{"start":{"line":34,"column":4},"end":{"line":34,"column":null}},"4":{"start":{"line":43,"column":2},"end":{"line":43,"column":null}},"5":{"start":{"line":43,"column":20},"end":{"line":43,"column":null}},"6":{"start":{"line":44,"column":2},"end":{"line":44,"column":null}},"7":{"start":{"line":44,"column":27},"end":{"line":44,"column":61}}},"fnMap":{"0":{"name":"flagBelongsToStage","decl":{"start":{"line":31,"column":16},"end":{"line":31,"column":35}},"loc":{"start":{"line":31,"column":73},"end":{"line":35,"column":null}},"line":31},"1":{"name":"(anonymous_1)","decl":{"start":{"line":33,"column":18},"end":{"line":33,"column":23}},"loc":{"start":{"line":34,"column":4},"end":{"line":34,"column":null}},"line":34},"2":{"name":"filterFlagsByStage","decl":{"start":{"line":42,"column":16},"end":{"line":42,"column":35}},"loc":{"start":{"line":42,"column":95},"end":{"line":44,"column":null}},"line":42},"3":{"name":"(anonymous_3)","decl":{"start":{"line":44,"column":15},"end":{"line":44,"column":22}},"loc":{"start":{"line":44,"column":27},"end":{"line":44,"column":61}},"line":44}},"branchMap":{"0":{"loc":{"start":{"line":32,"column":19},"end":{"line":32,"column":51}},"type":"binary-expr","locations":[{"start":{"line":32,"column":19},"end":{"line":32,"column":49}},{"start":{"line":32,"column":49},"end":{"line":32,"column":51}}],"line":32},"1":{"loc":{"start":{"line":34,"column":4},"end":{"line":34,"column":null}},"type":"cond-expr","locations":[{"start":{"line":34,"column":22},"end":{"line":34,"column":40}},{"start":{"line":34,"column":43},"end":{"line":34,"column":null}}],"line":34},"2":{"loc":{"start":{"line":43,"column":2},"end":{"line":43,"column":null}},"type":"if","locations":[{"start":{"line":43,"column":2},"end":{"line":43,"column":null}},{"start":{},"end":{}}],"line":43}},"s":{"0":1,"1":31,"2":31,"3":42,"4":5,"5":1,"6":4,"7":9},"f":{"0":31,"1":42,"2":5,"3":9},"b":{"0":[31,1],"1":[36,6],"2":[1,4]},"meta":{"lastBranch":3,"lastFunction":4,"lastStatement":8,"seen":{"s:16:61:22:Infinity":0,"f:31:16:31:35":0,"s:32:19:32:51":1,"b:32:19:32:49:32:49:32:51":0,"s:33:2:35:Infinity":2,"f:33:18:33:23":1,"s:34:4:34:Infinity":3,"b:34:22:34:40:34:43:34:Infinity":1,"f:42:16:42:35":2,"b:43:2:43:Infinity:undefined:undefined:undefined:undefined":2,"s:43:2:43:Infinity":4,"s:43:20:43:Infinity":5,"s:44:2:44:Infinity":6,"f:44:15:44:22":3,"s:44:27:44:61":7}}}
,"/home/user/translateVideo/ui/src/api/client.ts": {"path":"/home/user/translateVideo/ui/src/api/client.ts","statementMap":{"0":{"start":{"line":14,"column":24},"end":{"line":14,"column":71}},"1":{"start":{"line":15,"column":17},"end":{"line":15,"column":null}},"2":{"start":{"line":16,"column":24},"end":{"line":16,"column":null}},"3":{"start":{"line":19,"column":44},"end":{"line":19,"column":63}},"4":{"start":{"line":20,"column":19},"end":{"line":20,"column":64}},"5":{"start":{"line":21,"column":4},"end":{"line":22,"column":null}},"6":{"start":{"line":22,"column":8},"end":{"line":22,"column":null}},"7":{"start":{"line":24,"column":4},"end":{"line":24,"column":null}},"8":{"start":{"line":28,"column":19},"end":{"line":28,"column":64}},"9":{"start":{"line":29,"column":4},"end":{"line":29,"column":null}},"10":{"start":{"line":29,"column":17},"end":{"line":29,"column":null}},"11":{"start":{"line":30,"column":22},"end":{"line":30,"column":null}},"12":{"start":{"line":31,"column":4},"end":{"line":31,"column":null}},"13":{"start":{"line":35,"column":17},"end":{"line":35,"column":33}},"14":{"start":{"line":36,"column":4},"end":{"line":40,"column":null}},"15":{"start":{"line":37,"column":24},"end":{"line":37,"column":40}},"16":{"start":{"line":38,"column":8},"end":{"line":38,"column":null}},"17":{"start":{"line":40,"column":8},"end":{"line":40,"column":null}},"18":{"start":{"line":45,"column":16},"end":{"line":49,"column":6}},"19":{"start":{"line":50,"column":4},"end":{"line":50,"column":null}},"20":{"start":{"line":50,"column":17},"end":{"line":50,"column":null}},"21":{"start":{"line":51,"column":4},"end":{"line":51,"column":null}},"22":{"start":{"line":55,"column":21},"end":{"line":55,"column":35}},"23":{"start":{"line":56,"column":4},"end":{"line":56,"column":null}},"24":{"start":{"line":57,"column":4},"end":{"line":57,"column":null}},"25":{"start":{"line":57,"column":20},"end":{"line":57,"column":null}},"26":{"start":{"line":58,"column":4},"end":{"line":58,"column":null}},"27":{"start":{"line":58,"column":16},"end":{"line":58,"column":null}},"28":{"start":{"line":60,"column":16},"end":{"line":64,"column":6}},"29":{"start":{"line":65,"column":4},"end":{"line":65,"column":null}},"30":{"start":{"line":65,"column":17},"end":{"line":65,"column":null}},"31":{"start":{"line":66,"column":4},"end":{"line":66,"column":null}},"32":{"start":{"line":76,"column":14},"end":{"line":76,"column":35}},"33":{"start":{"line":77,"column":4},"end":{"line":77,"column":null}},"34":{"start":{"line":77,"column":26},"end":{"line":77,"column":null}},"35":{"start":{"line":78,"column":4},"end":{"line":78,"column":null}},"36":{"start":{"line":78,"column":26},"end":{"line":78,"column":null}},"37":{"start":{"line":79,"column":4},"end":{"line":79,"column":null}},"38":{"start":{"line":79,"column":26},"end":{"line":79,"column":null}},"39":{"start":{"line":80,"column":4},"end":{"line":80,"column":null}},"40":{"start":{"line":80,"column":26},"end":{"line":80,"column":null}},"41":{"start":{"line":81,"column":4},"end":{"line":81,"column":null}},"42":{"start":{"line":81,"column":27},"end":{"line":81,"column":null}},"43":{"start":{"line":82,"column":16},"end":{"line":82,"column":null}},"44":{"start":{"line":83,"column":16},"end":{"line":83,"column":59}},"45":{"start":{"line":84,"column":4},"end":{"line":84,"column":null}},"46":{"start":{"line":84,"column":17},"end":{"line":84,"column":null}},"47":{"start":{"line":85,"column":17},"end":{"line":85,"column":33}},"48":{"start":{"line":86,"column":4},"end":{"line":86,"column":null}},"49":{"start":{"line":90,"column":16},"end":{"line":90,"column":92}},"50":{"start":{"line":91,"column":4},"end":{"line":91,"column":null}},"51":{"start":{"line":91,"column":17},"end":{"line":91,"column":null}},"52":{"start":{"line":92,"column":4},"end":{"line":92,"column":null}},"53":{"start":{"line":103,"column":30},"end":{"line":103,"column":null}},"54":{"start":{"line":104,"column":30},"end":{"line":104,"column":null}},"55":{"start":{"line":106,"column":44},"end":{"line":106,"column":94}},"56":{"start":{"line":107,"column":4},"end":{"line":108,"column":null}},"57":{"start":{"line":108,"column":8},"end":{"line":108,"column":null}},"58":{"start":{"line":111,"column":42},"end":{"line":111,"column":null}},"59":{"start":{"line":112,"column":4},"end":{"line":112,"column":null}},"60":{"start":{"line":112,"column":20},"end":{"line":112,"column":null}},"61":{"start":{"line":114,"column":16},"end":{"line":118,"column":6}},"62":{"start":{"line":119,"column":4},"end":{"line":119,"column":null}},"63":{"start":{"line":119,"column":17},"end":{"line":119,"column":null}},"64":{"start":{"line":120,"column":4},"end":{"line":120,"column":null}},"65":{"start":{"line":124,"column":16},"end":{"line":124,"column":102}},"66":{"start":{"line":125,"column":4},"end":{"line":125,"column":null}},"67":{"start":{"line":125,"column":17},"end":{"line":125,"column":null}},"68":{"start":{"line":126,"column":4},"end":{"line":126,"column":null}},"69":{"start":{"line":130,"column":16},"end":{"line":134,"column":6}},"70":{"start":{"line":135,"column":4},"end":{"line":135,"column":null}},"71":{"start":{"line":135,"column":17},"end":{"line":135,"column":null}},"72":{"start":{"line":136,"column":4},"end":{"line":136,"column":null}},"73":{"start":{"line":143,"column":16},"end":{"line":147,"column":6}},"74":{"start":{"line":148,"column":4},"end":{"line":148,"column":null}},"75":{"start":{"line":148,"column":17},"end":{"line":148,"column":null}},"76":{"start":{"line":149,"column":4},"end":{"line":149,"column":null}},"77":{"start":{"line":153,"column":16},"end":{"line":157,"column":6}},"78":{"start":{"line":158,"column":4},"end":{"line":158,"column":null}},"79":{"start":{"line":158,"column":17},"end":{"line":158,"column":null}},"80":{"start":{"line":159,"column":4},"end":{"line":159,"column":null}},"81":{"start":{"line":163,"column":16},"end":{"line":163,"column":118}},"82":{"start":{"line":164,"column":4},"end":{"line":164,"column":null}},"83":{"start":{"line":164,"column":17},"end":{"line":164,"column":null}},"84":{"start":{"line":165,"column":17},"end":{"line":165,"column":33}},"85":{"start":{"line":166,"column":4},"end":{"line":166,"column":null}},"86":{"start":{"line":170,"column":16},"end":{"line":170,"column":119}},"87":{"start":{"line":171,"column":4},"end":{"line":171,"column":null}},"88":{"start":{"line":171,"column":17},"end":{"line":171,"column":null}},"89":{"start":{"line":172,"column":4},"end":{"line":172,"column":null}},"90":{"start":{"line":176,"column":4},"end":{"line":176,"column":null}},"91":{"start":{"line":181,"column":16},"end":{"line":184,"column":6}},"92":{"start":{"line":185,"column":4},"end":{"line":185,"column":null}},"93":{"start":{"line":185,"column":17},"end":{"line":185,"column":null}},"94":{"start":{"line":186,"column":4},"end":{"line":186,"column":null}},"95":{"start":{"line":199,"column":16},"end":{"line":203,"column":6}},"96":{"start":{"line":204,"column":4},"end":{"line":204,"column":null}},"97":{"start":{"line":204,"column":17},"end":{"line":204,"column":null}},"98":{"start":{"line":205,"column":17},"end":{"line":205,"column":33}},"99":{"start":{"line":206,"column":4},"end":{"line":206,"column":null}},"100":{"start":{"line":214,"column":16},"end":{"line":218,"column":6}},"101":{"start":{"line":219,"column":4},"end":{"line":219,"column":null}},"102":{"start":{"line":219,"column":17},"end":{"line":219,"column":null}},"103":{"start":{"line":220,"column":4},"end":{"line":220,"column":null}},"104":{"start":{"line":225,"column":4},"end":{"line":225,"column":null}},"105":{"start":{"line":230,"column":4},"end":{"line":230,"column":null}},"106":{"start":{"line":235,"column":16},"end":{"line":238,"column":6}},"107":{"start":{"line":239,"column":4},"end":{"line":239,"column":null}},"108":{"start":{"line":239,"column":17},"end":{"line":239,"column":null}},"109":{"start":{"line":240,"column":4},"end":{"line":240,"column":null}},"110":{"start":{"line":245,"column":4},"end":{"line":258,"column":null}},"111":{"start":{"line":246,"column":20},"end":{"line":246,"column":63}},"112":{"start":{"line":247,"column":8},"end":{"line":247,"column":null}},"113":{"start":{"line":247,"column":21},"end":{"line":247,"column":null}},"114":{"start":{"line":248,"column":21},"end":{"line":248,"column":37}},"115":{"start":{"line":249,"column":23},"end":{"line":249,"column":48}},"116":{"start":{"line":250,"column":18},"end":{"line":250,"column":45}},"117":{"start":{"line":251,"column":8},"end":{"line":251,"column":null}},"118":{"start":{"line":252,"column":8},"end":{"line":252,"column":null}},"119":{"start":{"line":253,"column":8},"end":{"line":253,"column":null}},"120":{"start":{"line":254,"column":8},"end":{"line":254,"column":null}},"121":{"start":{"line":255,"column":8},"end":{"line":255,"column":null}},"122":{"start":{"line":255,"column":27},"end":{"line":255,"column":56}},"123":{"start":{"line":255,"column":56},"end":{"line":255,"column":89}},"124":{"start":{"line":258,"column":8},"end":{"line":258,"column":null}},"125":{"start":{"line":277,"column":16},"end":{"line":281,"column":6}},"126":{"start":{"line":282,"column":4},"end":{"line":282,"column":null}},"127":{"start":{"line":282,"column":17},"end":{"line":282,"column":null}},"128":{"start":{"line":283,"column":4},"end":{"line":283,"column":null}}},"fnMap":{"0":{"name":"apiHeaders","decl":{"start":{"line":18,"column":16},"end":{"line":18,"column":27}},"loc":{"start":{"line":18,"column":82},"end":{"line":24,"column":null}},"line":18},"1":{"name":"withApiKeyQuery","decl":{"start":{"line":27,"column":16},"end":{"line":27,"column":32}},"loc":{"start":{"line":27,"column":53},"end":{"line":31,"column":null}},"line":27},"2":{"name":"readError","decl":{"start":{"line":34,"column":15},"end":{"line":34,"column":25}},"loc":{"start":{"line":34,"column":57},"end":{"line":40,"column":null}},"line":34},"3":{"name":"createProject","decl":{"start":{"line":44,"column":22},"end":{"line":44,"column":36}},"loc":{"start":{"line":44,"column":131},"end":{"line":51,"column":null}},"line":44},"4":{"name":"uploadProject","decl":{"start":{"line":54,"column":22},"end":{"line":54,"column":36}},"loc":{"start":{"line":54,"column":122},"end":{"line":66,"column":null}},"line":54},"5":{"name":"listProjects","decl":{"start":{"line":69,"column":22},"end":{"line":69,"column":35}},"loc":{"start":{"line":75,"column":28},"end":{"line":86,"column":null}},"line":75},"6":{"name":"getProjectStatus","decl":{"start":{"line":89,"column":22},"end":{"line":89,"column":39}},"loc":{"start":{"line":89,"column":82},"end":{"line":92,"column":null}},"line":89},"7":{"name":"runPipeline","decl":{"start":{"line":95,"column":22},"end":{"line":95,"column":null}},"loc":{"start":{"line":101,"column":46},"end":{"line":120,"column":null}},"line":101},"8":{"name":"getProjectArtifacts","decl":{"start":{"line":123,"column":22},"end":{"line":123,"column":42}},"loc":{"start":{"line":123,"column":90},"end":{"line":126,"column":null}},"line":123},"9":{"name":"saveProjectSegments","decl":{"start":{"line":129,"column":22},"end":{"line":129,"column":42}},"loc":{"start":{"line":129,"column":106},"end":{"line":136,"column":null}},"line":129},"10":{"name":"patchProjectConfig","decl":{"start":{"line":139,"column":22},"end":{"line":139,"column":null}},"loc":{"start":{"line":142,"column":52},"end":{"line":149,"column":null}},"line":142},"11":{"name":"preflightVideo","decl":{"start":{"line":152,"column":22},"end":{"line":152,"column":37}},"loc":{"start":{"line":152,"column":111},"end":{"line":159,"column":null}},"line":152},"12":{"name":"fetchProviderModels","decl":{"start":{"line":162,"column":22},"end":{"line":162,"column":42}},"loc":{"start":{"line":162,"column":86},"end":{"line":166,"column":null}},"line":162},"13":{"name":"fetchProviderBalance","decl":{"start":{"line":169,"column":22},"end":{"line":169,"column":43}},"loc":{"start":{"line":169,"column":87},"end":{"line":172,"column":null}},"line":169},"14":{"name":"artifactDownloadUrl","decl":{"start":{"line":175,"column":16},"end":{"line":175,"column":36}},"loc":{"start":{"line":175,"column":78},"end":{"line":176,"column":null}},"line":175},"15":{"name":"cancelPipeline","decl":{"start":{"line":180,"column":22},"end":{"line":180,"column":37}},"loc":{"start":{"line":180,"column":86},"end":{"line":186,"column":null}},"line":180},"16":{"name":"previewTTS","decl":{"start":{"line":194,"column":22},"end":{"line":194,"column":null}},"loc":{"start":{"line":198,"column":19},"end":{"line":206,"column":null}},"line":198},"17":{"name":"renameProject","decl":{"start":{"line":210,"column":22},"end":{"line":210,"column":null}},"loc":{"start":{"line":213,"column":73},"end":{"line":220,"column":null}},"line":213},"18":{"name":"subtitleExportUrl","decl":{"start":{"line":224,"column":16},"end":{"line":224,"column":34}},"loc":{"start":{"line":224,"column":101},"end":{"line":225,"column":null}},"line":224},"19":{"name":"subtitleExportZipUrl","decl":{"start":{"line":229,"column":16},"end":{"line":229,"column":37}},"loc":{"start":{"line":229,"column":65},"end":{"line":230,"column":null}},"line":229},"20":{"name":"deleteProject","decl":{"start":{"line":234,"column":22},"end":{"line":234,"column":36}},"loc":{"start":{"line":234,"column":99},"end":{"line":240,"column":null}},"line":234},"21":{"name":"safariSafeDownload","decl":{"start":{"line":244,"column":22},"end":{"line":244,"column":41}},"loc":{"start":{"line":244,"column":87},"end":{"line":258,"column":null}},"line":244},"22":{"name":"(anonymous_22)","decl":{"start":{"line":255,"column":8},"end":{"line":255,"column":25}},"loc":{"start":{"line":255,"column":25},"end":{"line":255,"column":94}},"line":255},"23":{"name":"batchCreateProjects","decl":{"start":{"line":273,"column":22},"end":{"line":273,"column":null}},"loc":{"start":{"line":276,"column":26},"end":{"line":283,"column":null}},"line":276}},"branchMap":{"0":{"loc":{"start":{"line":15,"column":17},"end":{"line":15,"column":null}},"type":"cond-expr","locations":[{"start":{"line":15,"column":35},"end":{"line":15,"column":68}},{"start":{"line":15,"column":68},"end":{"line":15,"column":null}}],"line":15},"1":{"loc":{"start":{"line":19,"column":50},"end":{"line":19,"column":60}},"type":"binary-expr","locations":[{"start":{"line":19,"column":50},"end":{"line":19,"column":58}},{"start":{"line":19,"column":58},"end":{"line":19,"column":60}}],"line":19},"2":{"loc":{"start":{"line":21,"column":4},"end":{"line":22,"column":null}},"type":"if","locations":[{"start":{"line":21,"column":4},"end":{"line":22,"column":null}},{"start":{},"end":{}}],"line":21},"3":{"loc":{"start":{"line":29,"column":4},"end":{"line":29,"column":null}},"type":"if","locations":[{"start":{"line":29,"column":4},"end":{"line":29,"column":null}},{"start":{},"end":{}}],"line":29},"4":{"loc":{"start":{"line":30,"column":22},"end":{"line":30,"column":null}},"type":"cond-expr","locations":[{"start":{"line":30,"column":42},"end":{"line":30,"column":48}},{"start":{"line":30,"column":48},"end":{"line":30,"column":null}}],"line":30},"5":{"loc":{"start":{"line":38,"column":15},"end":{"line":38,"column":null}},"type":"binary-expr","locations":[{"start":{"line":38,"column":15},"end":{"line":38,"column":33}},{"start":{"line":38,"column":33},"end":{"line":38,"column":null}}],"line":38},"6":{"loc":{"start":{"line":50,"column":4},"end":{"line":50,"column":null}},"type":"if","locations":[{"start":{"line":50,"column":4},"end":{"line":50,"column":null}},{"start":{},"end":{}}],"line":50},"7":{"loc":{"start":{"line":57,"column":4},"end":{"line":57,"column":null}},"type":"if","locations":[{"start":{"line":57,"column":4},"end":{"line":57,"column":null}},{"start":{},"end":{}}],"line":57},"8":{"loc":{"start":{"line":58,"column":4},"end":{"line":58,"column":null}},"type":"if","locations":[{"start":{"line":58,"column":4},"end":{"line":58,"column":null}},{"start":{},"end":{}}],"line":58},"9":{"loc":{"start":{"line":65,"column":4},"end":{"line":65,"column":null}},"type":"if","locations":[{"start":{"line":65,"column":4},"end":{"line":65,"column":null}},{"start":{},"end":{}}],"line":65},"10":{"loc":{"start":{"line":77,"column":4},"end":{"line":77,"column":null}},"type":"if","locations":[{"start":{"line":77,"column":4},"end":{"line":77,"column":null}},{"start":{},"end":{}}],"line":77},"11":{"loc":{"start":{"line":78,"column":4},"end":{"line":78,"column":null}},"type":"if","locations":[{"start":{"line":78,"column":4},"end":{"line":78,"column":null}},{"start":{},"end":{}}],"line":78},"12":{"loc":{"start":{"line":79,"column":4},"end":{"line":79,"column":null}},"type":"if","locations":[{"start":{"line":79,"column":4},"end":{"line":79,"column":null}},{"start":{},"end":{}}],"line":79},"13":{"loc":{"start":{"line":80,"column":4},"end":{"line":80,"column":null}},"type":"if","locations":[{"start":{"line":80,"column":4},"end":{"line":80,"column":null}},{"start":{},"end":{}}],"line":80},"14":{"loc":{"start":{"line":81,"column":4},"end":{"line":81,"column":null}},"type":"if","locations":[{"start":{"line":81,"column":4},"end":{"line":81,"column":null}},{"start":{},"end":{}}],"line":81},"15":{"loc":{"start":{"line":82,"column":16},"end":{"line":82,"column":null}},"type":"cond-expr","locations":[{"start":{"line":82,"column":31},"end":{"line":82,"column":61}},{"start":{"line":82,"column":61},"end":{"line":82,"column":null}}],"line":82},"16":{"loc":{"start":{"line":84,"column":4},"end":{"line":84,"column":null}},"type":"if","locations":[{"start":{"line":84,"column":4},"end":{"line":84,"column":null}},{"start":{},"end":{}}],"line":84},"17":{"loc":{"start":{"line":91,"column":4},"end":{"line":91,"column":null}},"type":"if","locations":[{"start":{"line":91,"column":4},"end":{"line":91,"column":null}},{"start":{},"end":{}}],"line":91},"18":{"loc":{"start":{"line":97,"column":4},"end":{"line":97,"column":null}},"type":"default-arg","locations":[{"start":{"line":97,"column":21},"end":{"line":97,"column":null}}],"line":97},"19":{"loc":{"start":{"line":103,"column":30},"end":{"line":103,"column":null}},"type":"binary-expr","locations":[{"start":{"line":103,"column":30},"end":{"line":103,"column":42}},{"start":{"line":103,"column":42},"end":{"line":103,"column":85}},{"start":{"line":103,"column":89},"end":{"line":103,"column":null}}],"line":103},"20":{"loc":{"start":{"line":104,"column":30},"end":{"line":104,"column":null}},"type":"binary-expr","locations":[{"start":{"line":104,"column":30},"end":{"line":104,"column":44}},{"start":{"line":104,"column":44},"end":{"line":104,"column":82}},{"start":{"line":104,"column":86},"end":{"line":104,"column":null}}],"line":104},"21":{"loc":{"start":{"line":107,"column":4},"end":{"line":108,"column":null}},"type":"if","locations":[{"start":{"line":107,"column":4},"end":{"line":108,"column":null}},{"start":{},"end":{}}],"line":107},"22":{"loc":{"start":{"line":112,"column":4},"end":{"line":112,"column":null}},"type":"if","locations":[{"start":{"line":112,"column":4},"end":{"line":112,"column":null}},{"start":{},"end":{}}],"line":112},"23":{"loc":{"start":{"line":119,"column":4},"end":{"line":119,"column":null}},"type":"if","locations":[{"start":{"line":119,"column":4},"end":{"line":119,"column":null}},{"start":{},"end":{}}],"line":119},"24":{"loc":{"start":{"line":125,"column":4},"end":{"line":125,"column":null}},"type":"if","locations":[{"start":{"line":125,"column":4},"end":{"line":125,"column":null}},{"start":{},"end":{}}],"line":125},"25":{"loc":{"start":{"line":135,"column":4},"end":{"line":135,"column":null}},"type":"if","locations":[{"start":{"line":135,"column":4},"end":{"line":135,"column":null}},{"start":{},"end":{}}],"line":135},"26":{"loc":{"start":{"line":148,"column":4},"end":{"line":148,"column":null}},"type":"if","locations":[{"start":{"line":148,"column":4},"end":{"line":148,"column":null}},{"start":{},"end":{}}],"line":148},"27":{"loc":{"start":{"line":152,"column":58},"end":{"line":152,"column":111}},"type":"default-arg","locations":[{"start":{"line":152,"column":77},"end":{"line":152,"column":111}}],"line":152},"28":{"loc":{"start":{"line":158,"column":4},"end":{"line":158,"column":null}},"type":"if","locations":[{"start":{"line":158,"column":4},"end":{"line":158,"column":null}},{"start":{},"end":{}}],"line":158},"29":{"loc":{"start":{"line":164,"column":4},"end":{"line":164,"column":null}},"type":"if","locations":[{"start":{"line":164,"column":4},"end":{"line":164,"column":null}},{"start":{},"end":{}}],"line":164},"30":{"loc":{"start":{"line":171,"column":4},"end":{"line":171,"column":null}},"type":"if","locations":[{"start":{"line":171,"column":4},"end":{"line":171,"column":null}},{"start":{},"end":{}}],"line":171},"31":{"loc":{"start":{"line":185,"column":4},"end":{"line":185,"column":null}},"type":"if","locations":[{"start":{"line":185,"column":4},"end":{"line":185,"column":null}},{"start":{},"end":{}}],"line":185},"32":{"loc":{"start":{"line":197,"column":4},"end":{"line":197,"column":null}},"type":"default-arg","locations":[{"start":{"line":197,"column":23},"end":{"line":197,"column":null}}],"line":197},"33":{"loc":{"start":{"line":204,"column":4},"end":{"line":204,"column":null}},"type":"if","locations":[{"start":{"line":204,"column":4},"end":{"line":204,"column":null}},{"start":{},"end":{}}],"line":204},"34":{"loc":{"start":{"line":219,"column":4},"end":{"line":219,"column":null}},"type":"if","locations":[{"start":{"line":219,"column":4},"end":{"line":219,"column":null}},{"start":{},"end":{}}],"line":219},"35":{"loc":{"start":{"line":239,"column":4},"end":{"line":239,"column":null}},"type":"if","locations":[{"start":{"line":239,"column":4},"end":{"line":239,"column":null}},{"start":{},"end":{}}],"line":239},"36":{"loc":{"start":{"line":247,"column":8},"end":{"line":247,"column":null}},"type":"if","locations":[{"start":{"line":247,"column":8},"end":{"line":247,"column":null}},{"start":{},"end":{}}],"line":247},"37":{"loc":{"start":{"line":275,"column":4},"end":{"line":275,"column":null}},"type":"default-arg","locations":[{"start":{"line":275,"column":15},"end":{"line":275,"column":null}}],"line":275},"38":{"loc":{"start":{"line":282,"column":4},"end":{"line":282,"column":null}},"type":"if","locations":[{"start":{"line":282,"column":4},"end":{"line":282,"column":null}},{"start":{},"end":{}}],"line":282},"39":{"loc":{"start":{"line":283,"column":4},"end":{"line":283,"column":43}},"type":"binary-expr","locations":[{"start":{"line":283,"column":4},"end":{"line":283,"column":41}},{"start":{"line":283,"column":41},"end":{"line":283,"column":43}}],"line":283}},"s":{"0":1,"1":1,"2":1,"3":35,"4":35,"5":35,"6":29,"7":35,"8":7,"9":7,"10":2,"11":5,"12":7,"13":8,"14":8,"15":8,"16":8,"17":1,"18":3,"19":3,"20":1,"21":2,"22":3,"23":3,"24":3,"25":1,"26":3,"27":1,"28":3,"29":3,"30":1,"31":2,"32":3,"33":3,"34":0,"35":3,"36":0,"37":3,"38":0,"39":3,"40":0,"41":3,"42":0,"43":3,"44":3,"45":3,"46":2,"47":1,"48":1,"49":2,"50":2,"51":1,"52":1,"53":4,"54":4,"55":4,"56":4,"57":1,"58":4,"59":4,"60":1,"61":4,"62":4,"63":1,"64":3,"65":1,"66":1,"67":0,"68":1,"69":1,"70":1,"71":0,"72":1,"73":1,"74":1,"75":0,"76":1,"77":2,"78":2,"79":0,"80":2,"81":1,"82":1,"83":0,"84":1,"85":1,"86":1,"87":1,"88":0,"89":1,"90":2,"91":2,"92":2,"93":1,"94":1,"95":2,"96":2,"97":1,"98":1,"99":1,"100":1,"101":1,"102":0,"103":1,"104":1,"105":1,"106":1,"107":1,"108":0,"109":1,"110":2,"111":2,"112":2,"113":1,"114":1,"115":1,"116":1,"117":1,"118":1,"119":1,"120":1,"121":1,"122":1,"123":1,"124":1,"125":3,"126":3,"127":1,"128":2},"f":{"0":35,"1":7,"2":8,"3":3,"4":3,"5":3,"6":2,"7":4,"8":1,"9":1,"10":1,"11":2,"12":1,"13":1,"14":2,"15":2,"16":2,"17":1,"18":1,"19":1,"20":1,"21":2,"22":1,"23":3},"b":{"0":[0,1],"1":[35,17],"2":[29,6],"3":[2,5],"4":[2,3],"5":[8,0],"6":[1,2],"7":[1,2],"8":[1,2],"9":[1,2],"10":[0,3],"11":[0,3],"12":[0,3],"13":[0,3],"14":[0,3],"15":[0,3],"16":[2,1],"17":[1,1],"18":[4],"19":[4,2,2],"20":[4,4,3],"21":[1,3],"22":[1,3],"23":[1,3],"24":[0,1],"25":[0,1],"26":[0,1],"27":[2],"28":[0,2],"29":[0,1],"30":[0,1],"31":[1,1],"32":[2],"33":[1,1],"34":[0,1],"35":[0,1],"36":[1,1],"37":[3],"38":[1,2],"39":[2,1]},"meta":{"lastBranch":40,"lastFunction":24,"lastStatement":129,"seen":{"s:14:24:14:71":0,"s:15:17:15:Infinity":1,"b:15:35:15:68:15:68:15:Infinity":0,"s:16:24:16:Infinity":2,"f:18:16:18:27":0,"s:19:44:19:63":3,"b:19:50:19:58:19:58:19:60":1,"s:20:19:20:64":4,"b:21:4:22:Infinity:undefined:undefined:undefined:undefined":2,"s:21:4:22:Infinity":5,"s:22:8:22:Infinity":6,"s:24:4:24:Infinity":7,"f:27:16:27:32":1,"s:28:19:28:64":8,"b:29:4:29:Infinity:undefined:undefined:undefined:undefined":3,"s:29:4:29:Infinity":9,"s:29:17:29:Infinity":10,"s:30:22:30:Infinity":11,"b:30:42:30:48:30:48:30:Infinity":4,"s:31:4:31:Infinity":12,"f:34:15:34:25":2,"s:35:17:35:33":13,"s:36:4:40:Infinity":14,"s:37:24:37:40":15,"s:38:8:38:Infinity":16,"b:38:15:38:33:38:33:38:Infinity":5,"s:40:8:40:Infinity":17,"f:44:22:44:36":3,"s:45:16:49:6":18,"b:50:4:50:Infinity:undefined:undefined:undefined:undefined":6,"s:50:4:50:Infinity":19,"s:50:17:50:Infinity":20,"s:51:4:51:Infinity":21,"f:54:22:54:36":4,"s:55:21:55:35":22,"s:56:4:56:Infinity":23,"b:57:4:57:Infinity:undefined:undefined:undefined:undefined":7,"s:57:4:57:Infinity":24,"s:57:20:57:Infinity":25,"b:58:4:58:Infinity:undefined:undefined:undefined:undefined":8,"s:58:4:58:Infinity":26,"s:58:16:58:Infinity":27,"s:60:16:64:6":28,"b:65:4:65:Infinity:undefined:undefined:undefined:undefined":9,"s:65:4:65:Infinity":29,"s:65:17:65:Infinity":30,"s:66:4:66:Infinity":31,"f:69:22:69:35":5,"s:76:14:76:35":32,"b:77:4:77:Infinity:undefined:undefined:undefined:undefined":10,"s:77:4:77:Infinity":33,"s:77:26:77:Infinity":34,"b:78:4:78:Infinity:undefined:undefined:undefined:undefined":11,"s:78:4:78:Infinity":35,"s:78:26:78:Infinity":36,"b:79:4:79:Infinity:undefined:undefined:undefined:undefined":12,"s:79:4:79:Infinity":37,"s:79:26:79:Infinity":38,"b:80:4:80:Infinity:undefined:undefined:undefined:undefined":13,"s:80:4:80:Infinity":39,"s:80:26:80:Infinity":40,"b:81:4:81:Infinity:undefined:undefined:undefined:undefined":14,"s:81:4:81:Infinity":41,"s:81:27:81:Infinity":42,"s:82:16:82:Infinity":43,"b:82:31:82:61:82:61:82:Infinity":15,"s:83:16:83:59":44,"b:84:4:84:Infinity:undefined:undefined:undefined:undefined":16,"s:84:4:84:Infinity":45,"s:84:17:84:Infinity":46,"s:85:17:85:33":47,"s:86:4:86:Infinity":48,"f:89:22:89:39":6,"s:90:16:90:92":49,"b:91:4:91:Infinity:undefined:undefined:undefined:undefined":17,"s:91:4:91:Infinity":50,"s:91:17:91:Infinity":51,"s:92:4:92:Infinity":52,"f:95:22:95:Infinity":7,"b:97:21:97:Infinity":18,"s:103:30:103:Infinity":53,"b:103:30:103:42:103:42:103:85:103:89:103:Infinity":19,"s:104:30:104:Infinity":54,"b:104:30:104:44:104:44:104:82:104:86:104:Infinity":20,"s:106:44:106:94":55,"b:107:4:108:Infinity:undefined:undefined:undefined:undefined":21,"s:107:4:108:Infinity":56,"s:108:8:108:Infinity":57,"s:111:42:111:Infinity":58,"b:112:4:112:Infinity:undefined:undefined:undefined:undefined":22,"s:112:4:112:Infinity":59,"s:112:20:112:Infinity":60,"s:114:16:118:6":61,"b:119:4:119:Infinity:undefined:undefined:undefined:undefined":23,"s:119:4:119:Infinity":62,"s:119:17:119:Infinity":63,"s:120:4:120:Infinity":64,"f:123:22:123:42":8,"s:124:16:124:102":65,"b:125:4:125:Infinity:undefined:undefined:undefined:undefined":24,"s:125:4:125:Infinity":66,"s:125:17:125:Infinity":67,"s:126:4:126:Infinity":68,"f:129:22:129:42":9,"s:130:16:134:6":69,"b:135:4:135:Infinity:undefined:undefined:undefined:undefined":25,"s:135:4:135:Infinity":70,"s:135:17:135:Infinity":71,"s:136:4:136:Infinity":72,"f:139:22:139:Infinity":10,"s:143:16:147:6":73,"b:148:4:148:Infinity:undefined:undefined:undefined:undefined":26,"s:148:4:148:Infinity":74,"s:148:17:148:Infinity":75,"s:149:4:149:Infinity":76,"f:152:22:152:37":11,"b:152:77:152:111":27,"s:153:16:157:6":77,"b:158:4:158:Infinity:undefined:undefined:undefined:undefined":28,"s:158:4:158:Infinity":78,"s:158:17:158:Infinity":79,"s:159:4:159:Infinity":80,"f:162:22:162:42":12,"s:163:16:163:118":81,"b:164:4:164:Infinity:undefined:undefined:undefined:undefined":29,"s:164:4:164:Infinity":82,"s:164:17:164:Infinity":83,"s:165:17:165:33":84,"s:166:4:166:Infinity":85,"f:169:22:169:43":13,"s:170:16:170:119":86,"b:171:4:171:Infinity:undefined:undefined:undefined:undefined":30,"s:171:4:171:Infinity":87,"s:171:17:171:Infinity":88,"s:172:4:172:Infinity":89,"f:175:16:175:36":14,"s:176:4:176:Infinity":90,"f:180:22:180:37":15,"s:181:16:184:6":91,"b:185:4:185:Infinity:undefined:undefined:undefined:undefined":31,"s:185:4:185:Infinity":92,"s:185:17:185:Infinity":93,"s:186:4:186:Infinity":94,"f:194:22:194:Infinity":16,"b:197:23:197:Infinity":32,"s:199:16:203:6":95,"b:204:4:204:Infinity:undefined:undefined:undefined:undefined":33,"s:204:4:204:Infinity":96,"s:204:17:204:Infinity":97,"s:205:17:205:33":98,"s:206:4:206:Infinity":99,"f:210:22:210:Infinity":17,"s:214:16:218:6":100,"b:219:4:219:Infinity:undefined:undefined:undefined:undefined":34,"s:219:4:219:Infinity":101,"s:219:17:219:Infinity":102,"s:220:4:220:Infinity":103,"f:224:16:224:34":18,"s:225:4:225:Infinity":104,"f:229:16:229:37":19,"s:230:4:230:Infinity":105,"f:234:22:234:36":20,"s:235:16:238:6":106,"b:239:4:239:Infinity:undefined:undefined:undefined:undefined":35,"s:239:4:239:Infinity":107,"s:239:17:239:Infinity":108,"s:240:4:240:Infinity":109,"f:244:22:244:41":21,"s:245:4:258:Infinity":110,"s:246:20:246:63":111,"b:247:8:247:Infinity:undefined:undefined:undefined:undefined":36,"s:247:8:247:Infinity":112,"s:247:21:247:Infinity":113,"s:248:21:248:37":114,"s:249:23:249:48":115,"s:250:18:250:45":116,"s:251:8:251:Infinity":117,"s:252:8:252:Infinity":118,"s:253:8:253:Infinity":119,"s:254:8:254:Infinity":120,"s:255:8:255:Infinity":121,"f:255:8:255:25":22,"s:255:27:255:56":122,"s:255:56:255:89":123,"s:258:8:258:Infinity":124,"f:273:22:273:Infinity":23,"b:275:15:275:Infinity":37,"s:277:16:281:6":125,"b:282:4:282:Infinity:undefined:undefined:undefined:undefined":38,"s:282:4:282:Infinity":126,"s:282:17:282:Infinity":127,"s:283:4:283:Infinity":128,"b:283:4:283:41:283:41:283:43":39}}}
,"/home/user/translateVideo/ui/src/store/settings.ts": {"path":"/home/user/translateVideo/ui/src/store/settings.ts","statementMap":{"0":{"start":{"line":8,"column":19},"end":{"line":8,"column":null}},"1":{"start":{"line":9,"column":20},"end":{"line":9,"column":null}},"2":{"start":{"line":10,"column":17},"end":{"line":10,"column":null}},"3":{"start":{"line":11,"column":20},"end":{"line":11,"column":null}},"4":{"start":{"line":12,"column":26},"end":{"line":12,"column":null}},"5":{"start":{"line":13,"column":19},"end":{"line":13,"column":null}},"6":{"start":{"line":14,"column":18},"end":{"line":14,"column":null}},"7":{"start":{"line":16,"column":32},"end":{"line":16,"column":null}},"8":{"start":{"line":17,"column":30},"end":{"line":17,"column":null}},"9":{"start":{"line":21,"column":2},"end":{"line":21,"column":null}},"10":{"start":{"line":25,"column":2},"end":{"line":25,"column":null}},"11":{"start":{"line":29,"column":16},"end":{"line":29,"column":46}},"12":{"start":{"line":30,"column":2},"end":{"line":30,"column":null}},"13":{"start":{"line":30,"column":13},"end":{"line":30,"column":null}},"14":{"start":{"line":33,"column":2},"end":{"line":33,"column":null}},"15":{"start":{"line":37,"column":2},"end":{"line":37,"column":null}},"16":{"start":{"line":42,"column":12},"end":{"line":42,"column":51}},"17":{"start":{"line":43,"column":2},"end":{"line":43,"column":null}},"18":{"start":{"line":43,"column":38},"end":{"line":43,"column":null}},"19":{"start":{"line":44,"column":2},"end":{"line":44,"column":null}},"20":{"start":{"line":49,"column":2},"end":{"line":49,"column":null}},"21":{"start":{"line":53,"column":2},"end":{"line":54,"column":null}},"22":{"start":{"line":54,"column":4},"end":{"line":54,"column":null}},"23":{"start":{"line":56,"column":14},"end":{"line":56,"column":45}},"24":{"start":{"line":57,"column":2},"end":{"line":57,"column":null}},"25":{"start":{"line":61,"column":21},"end":{"line":61,"column":33}},"26":{"start":{"line":62,"column":2},"end":{"line":65,"column":null}},"27":{"start":{"line":63,"column":4},"end":{"line":63,"column":null}},"28":{"start":{"line":65,"column":4},"end":{"line":65,"column":null}},"29":{"start":{"line":70,"column":2},"end":{"line":70,"column":null}},"30":{"start":{"line":74,"column":2},"end":{"line":74,"column":null}},"31":{"start":{"line":78,"column":2},"end":{"line":78,"column":null}},"32":{"start":{"line":83,"column":2},"end":{"line":83,"column":null}},"33":{"start":{"line":88,"column":2},"end":{"line":88,"column":null}},"34":{"start":{"line":92,"column":2},"end":{"line":92,"column":null}},"35":{"start":{"line":96,"column":2},"end":{"line":96,"column":null}},"36":{"start":{"line":97,"column":2},"end":{"line":97,"column":null}},"37":{"start":{"line":102,"column":2},"end":{"line":102,"column":null}},"38":{"start":{"line":103,"column":2},"end":{"line":103,"column":null}},"39":{"start":{"line":107,"column":2},"end":{"line":107,"column":null}}},"fnMap":{"0":{"name":"getPersistedWebhook","decl":{"start":{"line":20,"column":16},"end":{"line":20,"column":46}},"loc":{"start":{"line":20,"column":46},"end":{"line":21,"column":null}},"line":20},"1":{"name":"getPersistedProvider","decl":{"start":{"line":24,"column":16},"end":{"line":24,"column":47}},"loc":{"start":{"line":24,"column":47},"end":{"line":25,"column":null}},"line":24},"2":{"name":"getPersistedTheme","decl":{"start":{"line":28,"column":16},"end":{"line":28,"column":44}},"loc":{"start":{"line":28,"column":44},"end":{"line":33,"column":null}},"line":28},"3":{"name":"getPersistedLargeText","decl":{"start":{"line":36,"column":16},"end":{"line":36,"column":49}},"loc":{"start":{"line":36,"column":49},"end":{"line":37,"column":null}},"line":36},"4":{"name":"getPersistedFontLevel","decl":{"start":{"line":41,"column":16},"end":{"line":41,"column":70}},"loc":{"start":{"line":41,"column":70},"end":{"line":44,"column":null}},"line":41},"5":{"name":"getPersistedCompactMode","decl":{"start":{"line":48,"column":16},"end":{"line":48,"column":51}},"loc":{"start":{"line":48,"column":51},"end":{"line":49,"column":null}},"line":48},"6":{"name":"getPersistedLocale","decl":{"start":{"line":52,"column":16},"end":{"line":52,"column":48}},"loc":{"start":{"line":52,"column":48},"end":{"line":57,"column":null}},"line":52},"7":{"name":"persistWebhook","decl":{"start":{"line":60,"column":16},"end":{"line":60,"column":31}},"loc":{"start":{"line":60,"column":52},"end":{"line":65,"column":null}},"line":60},"8":{"name":"persistProvider","decl":{"start":{"line":69,"column":16},"end":{"line":69,"column":32}},"loc":{"start":{"line":69,"column":53},"end":{"line":70,"column":null}},"line":69},"9":{"name":"persistTheme","decl":{"start":{"line":73,"column":16},"end":{"line":73,"column":29}},"loc":{"start":{"line":73,"column":50},"end":{"line":74,"column":null}},"line":73},"10":{"name":"persistLargeText","decl":{"start":{"line":77,"column":16},"end":{"line":77,"column":33}},"loc":{"start":{"line":77,"column":55},"end":{"line":78,"column":null}},"line":77},"11":{"name":"persistFontLevel","decl":{"start":{"line":82,"column":16},"end":{"line":82,"column":33}},"loc":{"start":{"line":82,"column":76},"end":{"line":83,"column":null}},"line":82},"12":{"name":"persistCompactMode","decl":{"start":{"line":87,"column":16},"end":{"line":87,"column":35}},"loc":{"start":{"line":87,"column":57},"end":{"line":88,"column":null}},"line":87},"13":{"name":"persistLocale","decl":{"start":{"line":91,"column":16},"end":{"line":91,"column":30}},"loc":{"start":{"line":91,"column":54},"end":{"line":92,"column":null}},"line":91},"14":{"name":"applyTheme","decl":{"start":{"line":95,"column":16},"end":{"line":95,"column":27}},"loc":{"start":{"line":95,"column":68},"end":{"line":97,"column":null}},"line":95},"15":{"name":"applyFontLevel","decl":{"start":{"line":101,"column":16},"end":{"line":101,"column":31}},"loc":{"start":{"line":101,"column":92},"end":{"line":103,"column":null}},"line":101},"16":{"name":"applyLocale","decl":{"start":{"line":106,"column":16},"end":{"line":106,"column":28}},"loc":{"start":{"line":106,"column":53},"end":{"line":107,"column":null}},"line":106}},"branchMap":{"0":{"loc":{"start":{"line":21,"column":9},"end":{"line":21,"column":null}},"type":"binary-expr","locations":[{"start":{"line":21,"column":9},"end":{"line":21,"column":41}},{"start":{"line":21,"column":45},"end":{"line":21,"column":null}}],"line":21},"1":{"loc":{"start":{"line":25,"column":9},"end":{"line":25,"column":null}},"type":"binary-expr","locations":[{"start":{"line":25,"column":9},"end":{"line":25,"column":42}},{"start":{"line":25,"column":46},"end":{"line":25,"column":null}}],"line":25},"2":{"loc":{"start":{"line":30,"column":2},"end":{"line":30,"column":null}},"type":"if","locations":[{"start":{"line":30,"column":2},"end":{"line":30,"column":null}},{"start":{},"end":{}}],"line":30},"3":{"loc":{"start":{"line":33,"column":9},"end":{"line":33,"column":null}},"type":"cond-expr","locations":[{"start":{"line":33,"column":71},"end":{"line":33,"column":80}},{"start":{"line":33,"column":80},"end":{"line":33,"column":null}}],"line":33},"4":{"loc":{"start":{"line":43,"column":2},"end":{"line":43,"column":null}},"type":"if","locations":[{"start":{"line":43,"column":2},"end":{"line":43,"column":null}},{"start":{},"end":{}}],"line":43},"5":{"loc":{"start":{"line":43,"column":6},"end":{"line":43,"column":38}},"type":"binary-expr","locations":[{"start":{"line":43,"column":6},"end":{"line":43,"column":23}},{"start":{"line":43,"column":23},"end":{"line":43,"column":38}}],"line":43},"6":{"loc":{"start":{"line":53,"column":2},"end":{"line":54,"column":null}},"type":"if","locations":[{"start":{"line":53,"column":2},"end":{"line":54,"column":null}},{"start":{},"end":{}}],"line":53},"7":{"loc":{"start":{"line":57,"column":9},"end":{"line":57,"column":null}},"type":"cond-expr","locations":[{"start":{"line":57,"column":24},"end":{"line":57,"column":31}},{"start":{"line":57,"column":31},"end":{"line":57,"column":null}}],"line":57},"8":{"loc":{"start":{"line":62,"column":2},"end":{"line":65,"column":null}},"type":"if","locations":[{"start":{"line":62,"column":2},"end":{"line":65,"column":null}},{"start":{"line":64,"column":9},"end":{"line":65,"column":null}}],"line":62}},"s":{"0":3,"1":3,"2":3,"3":3,"4":3,"5":3,"6":3,"7":3,"8":3,"9":2,"10":2,"11":3,"12":3,"13":2,"14":1,"15":3,"16":0,"17":0,"18":0,"19":0,"20":0,"21":19,"22":16,"23":3,"24":3,"25":4,"26":4,"27":2,"28":2,"29":1,"30":1,"31":2,"32":0,"33":0,"34":2,"35":3,"36":3,"37":0,"38":0,"39":2},"f":{"0":2,"1":2,"2":3,"3":3,"4":0,"5":0,"6":19,"7":4,"8":1,"9":1,"10":2,"11":0,"12":0,"13":2,"14":3,"15":0,"16":2},"b":{"0":[2,1],"1":[2,1],"2":[2,1],"3":[0,1],"4":[0,0],"5":[0,0],"6":[16,3],"7":[1,2],"8":[2,2]},"meta":{"lastBranch":9,"lastFunction":17,"lastStatement":40,"seen":{"s:8:19:8:Infinity":0,"s:9:20:9:Infinity":1,"s:10:17:10:Infinity":2,"s:11:20:11:Infinity":3,"s:12:26:12:Infinity":4,"s:13:19:13:Infinity":5,"s:14:18:14:Infinity":6,"s:16:32:16:Infinity":7,"s:17:30:17:Infinity":8,"f:20:16:20:46":0,"s:21:2:21:Infinity":9,"b:21:9:21:41:21:45:21:Infinity":0,"f:24:16:24:47":1,"s:25:2:25:Infinity":10,"b:25:9:25:42:25:46:25:Infinity":1,"f:28:16:28:44":2,"s:29:16:29:46":11,"b:30:2:30:Infinity:undefined:undefined:undefined:undefined":2,"s:30:2:30:Infinity":12,"s:30:13:30:Infinity":13,"s:33:2:33:Infinity":14,"b:33:71:33:80:33:80:33:Infinity":3,"f:36:16:36:49":3,"s:37:2:37:Infinity":15,"f:41:16:41:70":4,"s:42:12:42:51":16,"b:43:2:43:Infinity:undefined:undefined:undefined:undefined":4,"s:43:2:43:Infinity":17,"b:43:6:43:23:43:23:43:38":5,"s:43:38:43:Infinity":18,"s:44:2:44:Infinity":19,"f:48:16:48:51":5,"s:49:2:49:Infinity":20,"f:52:16:52:48":6,"b:53:2:54:Infinity:undefined:undefined:undefined:undefined":6,"s:53:2:54:Infinity":21,"s:54:4:54:Infinity":22,"s:56:14:56:45":23,"s:57:2:57:Infinity":24,"b:57:24:57:31:57:31:57:Infinity":7,"f:60:16:60:31":7,"s:61:21:61:33":25,"b:62:2:65:Infinity:64:9:65:Infinity":8,"s:62:2:65:Infinity":26,"s:63:4:63:Infinity":27,"s:65:4:65:Infinity":28,"f:69:16:69:32":8,"s:70:2:70:Infinity":29,"f:73:16:73:29":9,"s:74:2:74:Infinity":30,"f:77:16:77:33":10,"s:78:2:78:Infinity":31,"f:82:16:82:33":11,"s:83:2:83:Infinity":32,"f:87:16:87:35":12,"s:88:2:88:Infinity":33,"f:91:16:91:30":13,"s:92:2:92:Infinity":34,"f:95:16:95:27":14,"s:96:2:96:Infinity":35,"s:97:2:97:Infinity":36,"f:101:16:101:31":15,"s:102:2:102:Infinity":37,"s:103:2:103:Infinity":38,"f:106:16:106:28":16,"s:107:2:107:Infinity":39}}}
}
